/home/runner/work/mobile-device/mobile-device/input/mobile-device.xml:6101:23: error: element "Tests" not allowed here; expected the element end-tag or element "M", "NA", "O", "aactivity" or "app-note"
/home/runner/work/mobile-device/mobile-device/input/mobile-device.xml:6128:18: error: element "Tests" not allowed here; expected the element end-tag or element "M", "NA", "O", "aactivity" or "app-note"
/home/runner/work/mobile-device/mobile-device/input/mobile-device.xml:6176:24: error: element "Tests" not allowed here; expected the element end-tag or element "aactivity"
/home/runner/work/mobile-device/mobile-device/input/mobile-device.xml:6229:15: error: element "Tests" not allowed here; expected the element end-tag or element "aactivity"
/home/runner/work/mobile-device/mobile-device/input/mobile-device.xml:6305:13: error: element "Tests" not allowed here; expected the element end-tag or element "aactivity"
/home/runner/work/mobile-device/mobile-device/input/mobile-device.xml:6345:13: error: element "Tests" not allowed here; expected the element end-tag or element "M", "NA", "O", "aactivity" or "app-note"
/home/runner/work/mobile-device/mobile-device/input/mobile-device.xml:6362:15: error: element "Tests" not allowed here; expected the element end-tag or element "aactivity"
/home/runner/work/mobile-device/mobile-device/input/mobile-device.xml:6398:13: error: element "Tests" not allowed here; expected the element end-tag or element "aactivity"
/home/runner/work/mobile-device/mobile-device/input/mobile-device.xml:6428:18: error: element "Tests" not allowed here; expected the element end-tag or element "M", "NA", "O", "aactivity" or "app-note"
/home/runner/work/mobile-device/mobile-device/input/mobile-device.xml:6429:41: error: element "also" not allowed here; expected the element end-tag, text, element "_", "assignable", "choice", "ctr", "depends", "equation", "evidence", "figure", "if-opt-app", "no-link", "refinement", "selectables", "snip", "subaactivity", "test-obj", "testlist" or "xref" or an element from another namespace
/home/runner/work/mobile-device/mobile-device/input/mobile-device.xml:6457:12: error: element "Tests" not allowed here; expected the element end-tag or element "M", "NA", "O", "aactivity" or "app-note"
/home/runner/work/mobile-device/mobile-device/input/mobile-device.xml:6488:12: error: element "Tests" not allowed here; expected the element end-tag or element "aactivity"
/home/runner/work/mobile-device/mobile-device/input/mobile-device.xml:6511:14: error: element "Tests" not allowed here; expected the element end-tag or element "aactivity"
/home/runner/work/mobile-device/mobile-device/input/mobile-device.xml:6527:16: error: element "Tests" not allowed here; expected the element end-tag or element "M", "NA", "O", "aactivity" or "app-note"
/home/runner/work/mobile-device/mobile-device/input/mobile-device.xml:6561:11: error: element "Tests" not allowed here; expected the element end-tag or element "aactivity"
/home/runner/work/mobile-device/mobile-device/input/mobile-device.xml:6579:13: error: element "Tests" not allowed here; expected the element end-tag or element "aactivity"
/home/runner/work/mobile-device/mobile-device/input/mobile-device.xml:6599:15: error: element "Tests" not allowed here; expected the element end-tag or element "aactivity"
/home/runner/work/mobile-device/mobile-device/input/mobile-device.xml:6628:13: error: element "Tests" not allowed here; expected the element end-tag or element "aactivity"
/home/runner/work/mobile-device/mobile-device/input/mobile-device.xml:6649:15: error: element "Tests" not allowed here; expected the element end-tag or element "aactivity"
/home/runner/work/mobile-device/mobile-device/input/mobile-device.xml:6669:17: error: element "Tests" not allowed here; expected the element end-tag or element "aactivity"
/home/runner/work/mobile-device/mobile-device/input/mobile-device.xml:6695:17: error: element "Tests" not allowed here; expected the element end-tag or element "aactivity"
/home/runner/work/mobile-device/mobile-device/input/mobile-device.xml:6733:13: error: element "Tests" not allowed here; expected the element end-tag or element "aactivity"
/home/runner/work/mobile-device/mobile-device/input/mobile-device.xml:6772:17: error: element "Tests" not allowed here; expected the element end-tag or element "aactivity"
/home/runner/work/mobile-device/mobile-device/input/mobile-device.xml:6806:13: error: element "Tests" not allowed here; expected the element end-tag or element "aactivity"
/home/runner/work/mobile-device/mobile-device/input/mobile-device.xml:6833:13: error: element "Tests" not allowed here; expected the element end-tag or element "aactivity"
/home/runner/work/mobile-device/mobile-device/input/mobile-device.xml:6851:13: error: element "Tests" not allowed here; expected the element end-tag or element "aactivity"
/home/runner/work/mobile-device/mobile-device/input/mobile-device.xml:6868:17: error: element "Tests" not allowed here; expected the element end-tag or element "aactivity"
/home/runner/work/mobile-device/mobile-device/input/mobile-device.xml:6884:12: error: element "Tests" not allowed here; expected the element end-tag or element "M", "NA", "O", "aactivity" or "app-note"
/home/runner/work/mobile-device/mobile-device/input/mobile-device.xml:6911:14: error: element "Tests" not allowed here; expected the element end-tag or element "aactivity"
/home/runner/work/mobile-device/mobile-device/input/mobile-device.xml:6964:15: error: element "Tests" not allowed here; expected the element end-tag or element "aactivity"
/home/runner/work/mobile-device/mobile-device/input/mobile-device.xml:6974:17: error: element "Tests" not allowed here; expected the element end-tag or element "M", "NA", "O", "aactivity" or "app-note"
/home/runner/work/mobile-device/mobile-device/input/mobile-device.xml:6991:12: error: element "Tests" not allowed here; expected the element end-tag or element "M", "NA", "O", "aactivity" or "app-note"
/home/runner/work/mobile-device/mobile-device/input/mobile-device.xml:7010:14: error: element "Tests" not allowed here; expected the element end-tag or element "aactivity"
/home/runner/work/mobile-device/mobile-device/input/mobile-device.xml:7023:14: error: element "Tests" not allowed here; expected the element end-tag or element "aactivity"
/home/runner/work/mobile-device/mobile-device/input/mobile-device.xml:7041:16: error: element "Tests" not allowed here; expected the element end-tag or element "aactivity"
/home/runner/work/mobile-device/mobile-device/input/mobile-device.xml:7058:18: error: element "Tests" not allowed here; expected the element end-tag or element "aactivity"
/home/runner/work/mobile-device/mobile-device/input/mobile-device.xml:7074:18: error: element "Tests" not allowed here; expected the element end-tag or element "aactivity"
/home/runner/work/mobile-device/mobile-device/input/mobile-device.xml:7086:15: error: element "Tests" not allowed here; expected the element end-tag or element "M", "NA", "O", "aactivity" or "app-note"
/home/runner/work/mobile-device/mobile-device/input/mobile-device.xml:7102:13: error: element "Tests" not allowed here; expected the element end-tag or element "M", "NA", "O", "aactivity" or "app-note"
/home/runner/work/mobile-device/mobile-device/input/mobile-device.xml:7141:16: error: element "Tests" not allowed here; expected the element end-tag or element "M", "NA", "O", "aactivity" or "app-note"
/home/runner/work/mobile-device/mobile-device/input/mobile-device.xml:7190:15: error: element "Tests" not allowed here; expected the element end-tag or element "aactivity"
/home/runner/work/mobile-device/mobile-device/input/mobile-device.xml:7221:11: error: element "Tests" not allowed here; expected the element end-tag or element "aactivity"
/home/runner/work/mobile-device/mobile-device/input/mobile-device.xml:7232:13: error: element "Tests" not allowed here; expected the element end-tag or element "M", "NA", "O", "aactivity" or "app-note"
/home/runner/work/mobile-device/mobile-device/input/mobile-device.xml:7248:15: error: element "Tests" not allowed here; expected the element end-tag or element "aactivity"
/home/runner/work/mobile-device/mobile-device/input/mobile-device.xml:7270:17: error: element "Tests" not allowed here; expected the element end-tag or element "aactivity"
/home/runner/work/mobile-device/mobile-device/input/mobile-device.xml:7300:17: error: element "Tests" not allowed here; expected the element end-tag or element "M", "NA", "O", "aactivity" or "app-note"
/home/runner/work/mobile-device/mobile-device/input/mobile-device.xml:7315:12: error: element "Tests" not allowed here; expected the element end-tag or element "M", "NA", "O", "aactivity" or "app-note"
