/home/runner/work/mobile-device/mobile-device/output/effective.xml:337:14: error: element "SO" incomplete; missing required element "addressed-by"
/home/runner/work/mobile-device/mobile-device/output/effective.xml:2838:41: error: element "aactivity" incomplete; expected text, element "Guidance", "KMD", "TSS", "Tests", "_", "also", "assignable", "choice", "comment", "ctr", "depends", "endnote", "equation", "external-doc", "figure", "if-opt-app", "implements", "no-link", "no-tests", "provides", "refinement", "requires", "rule", "selectables", "snip", "testlist" or "xref" or an element from another namespace
/home/runner/work/mobile-device/mobile-device/output/effective.xml:3932:32: error: element "title" not allowed here; expected the element end-tag, text, element "_", "assignable", "choice", "comment", "ctr", "depends", "endnote", "equation", "external-doc", "figure", "if-opt-app", "implements", "management-function-set", "no-link", "provides", "refinement", "requires", "rule", "selectables", "snip", "testlist" or "xref" or an element from another namespace
/home/runner/work/mobile-device/mobile-device/output/effective.xml:3934:185: error: element "m" not allowed anywhere; expected the element end-tag or element "M", "NA", "O", "aactivity" or "app-note"
/home/runner/work/mobile-device/mobile-device/output/effective.xml:3934:198: error: element "na" not allowed anywhere; expected the element end-tag or element "M", "NA", "O", "aactivity" or "app-note"
/home/runner/work/mobile-device/mobile-device/output/effective.xml:3934:210: error: element "m" not allowed anywhere; expected the element end-tag or element "M", "NA", "O", "aactivity" or "app-note"
/home/runner/work/mobile-device/mobile-device/output/effective.xml:3934:223: error: element "m" not allowed anywhere; expected the element end-tag or element "M", "NA", "O", "aactivity" or "app-note"
/home/runner/work/mobile-device/mobile-device/output/effective.xml:3934:239: error: element "tss" not allowed anywhere; expected text, element "Guidance", "KMD", "TSS", "Tests", "_", "also", "assignable", "choice", "comment", "ctr", "depends", "endnote", "equation", "external-doc", "figure", "if-opt-app", "implements", "no-link", "no-tests", "provides", "refinement", "requires", "rule", "selectables", "snip", "testlist" or "xref" or an element from another namespace
/home/runner/work/mobile-device/mobile-device/output/effective.xml:3938:91: error: element "tests" not allowed anywhere; expected text, element "Guidance", "KMD", "TSS", "Tests", "_", "also", "assignable", "choice", "comment", "ctr", "depends", "endnote", "equation", "external-doc", "figure", "if-opt-app", "implements", "no-link", "no-tests", "provides", "refinement", "requires", "rule", "selectables", "snip", "testlist" or "xref" or an element from another namespace
/home/runner/work/mobile-device/mobile-device/output/effective.xml:3941:75: error: element "tests" not allowed anywhere; expected text, element "Guidance", "KMD", "TSS", "Tests", "_", "also", "assignable", "choice", "comment", "ctr", "depends", "endnote", "equation", "external-doc", "figure", "if-opt-app", "implements", "no-link", "no-tests", "provides", "refinement", "requires", "rule", "selectables", "snip", "testlist" or "xref" or an element from another namespace
/home/runner/work/mobile-device/mobile-device/output/effective.xml:3941:218: error: element "tests" not allowed anywhere; expected text, element "Guidance", "KMD", "TSS", "Tests", "_", "also", "assignable", "choice", "comment", "ctr", "depends", "endnote", "equation", "external-doc", "figure", "if-opt-app", "implements", "no-link", "no-tests", "provides", "refinement", "requires", "rule", "selectables", "snip", "testlist" or "xref" or an element from another namespace
/home/runner/work/mobile-device/mobile-device/output/effective.xml:3941:238: error: element "aactivity" incomplete; expected text, element "Guidance", "KMD", "TSS", "Tests", "_", "also", "assignable", "choice", "comment", "ctr", "depends", "endnote", "equation", "external-doc", "figure", "if-opt-app", "implements", "no-link", "no-tests", "provides", "refinement", "requires", "rule", "selectables", "snip", "testlist" or "xref" or an element from another namespace
/home/runner/work/mobile-device/mobile-device/output/effective.xml:3942:205: error: element "m" not allowed anywhere; expected the element end-tag or element "M", "NA", "O", "aactivity" or "app-note"
/home/runner/work/mobile-device/mobile-device/output/effective.xml:3942:218: error: element "na" not allowed anywhere; expected the element end-tag or element "M", "NA", "O", "aactivity" or "app-note"
/home/runner/work/mobile-device/mobile-device/output/effective.xml:3942:230: error: element "m" not allowed anywhere; expected the element end-tag or element "M", "NA", "O", "aactivity" or "app-note"
/home/runner/work/mobile-device/mobile-device/output/effective.xml:3942:243: error: element "m" not allowed anywhere; expected the element end-tag or element "M", "NA", "O", "aactivity" or "app-note"
/home/runner/work/mobile-device/mobile-device/output/effective.xml:3942:259: error: element "tss" not allowed anywhere; expected text, element "Guidance", "KMD", "TSS", "Tests", "_", "also", "assignable", "choice", "comment", "ctr", "depends", "endnote", "equation", "external-doc", "figure", "if-opt-app", "implements", "no-link", "no-tests", "provides", "refinement", "requires", "rule", "selectables", "snip", "testlist" or "xref" or an element from another namespace
/home/runner/work/mobile-device/mobile-device/output/effective.xml:3944:102: error: element "tests" not allowed anywhere; expected text, element "Guidance", "KMD", "TSS", "Tests", "_", "also", "assignable", "choice", "comment", "ctr", "depends", "endnote", "equation", "external-doc", "figure", "if-opt-app", "implements", "no-link", "no-tests", "provides", "refinement", "requires", "rule", "selectables", "snip", "testlist" or "xref" or an element from another namespace
/home/runner/work/mobile-device/mobile-device/output/effective.xml:3946:95: error: element "tests" not allowed anywhere; expected text, element "Guidance", "KMD", "TSS", "Tests", "_", "also", "assignable", "choice", "comment", "ctr", "depends", "endnote", "equation", "external-doc", "figure", "if-opt-app", "implements", "no-link", "no-tests", "provides", "refinement", "requires", "rule", "selectables", "snip", "testlist" or "xref" or an element from another namespace
/home/runner/work/mobile-device/mobile-device/output/effective.xml:3947:57: error: element "tests" not allowed anywhere; expected text, element "Guidance", "KMD", "TSS", "Tests", "_", "also", "assignable", "choice", "comment", "ctr", "depends", "endnote", "equation", "external-doc", "figure", "if-opt-app", "implements", "no-link", "no-tests", "provides", "refinement", "requires", "rule", "selectables", "snip", "testlist" or "xref" or an element from another namespace
/home/runner/work/mobile-device/mobile-device/output/effective.xml:3947:77: error: element "aactivity" incomplete; expected text, element "Guidance", "KMD", "TSS", "Tests", "_", "also", "assignable", "choice", "comment", "ctr", "depends", "endnote", "equation", "external-doc", "figure", "if-opt-app", "implements", "no-link", "no-tests", "provides", "refinement", "requires", "rule", "selectables", "snip", "testlist" or "xref" or an element from another namespace
/home/runner/work/mobile-device/mobile-device/output/effective.xml:3948:389: error: element "m" not allowed anywhere; expected the element end-tag or element "M", "NA", "O", "aactivity" or "app-note"
/home/runner/work/mobile-device/mobile-device/output/effective.xml:3967:42: error: element "tests" not allowed anywhere; expected text, element "Guidance", "KMD", "TSS", "Tests", "_", "also", "assignable", "choice", "comment", "ctr", "depends", "endnote", "equation", "external-doc", "figure", "if-opt-app", "implements", "no-link", "no-tests", "provides", "refinement", "requires", "rule", "selectables", "snip", "testlist" or "xref" or an element from another namespace
/home/runner/work/mobile-device/mobile-device/output/effective.xml:3987:41: error: element "tests" not allowed anywhere; expected text, element "Guidance", "KMD", "TSS", "Tests", "_", "also", "assignable", "choice", "comment", "ctr", "depends", "endnote", "equation", "external-doc", "figure", "if-opt-app", "implements", "no-link", "no-tests", "provides", "refinement", "requires", "rule", "selectables", "snip", "testlist" or "xref" or an element from another namespace
/home/runner/work/mobile-device/mobile-device/output/effective.xml:3987:61: error: element "aactivity" incomplete; expected text, element "Guidance", "KMD", "TSS", "Tests", "_", "also", "assignable", "choice", "comment", "ctr", "depends", "endnote", "equation", "external-doc", "figure", "if-opt-app", "implements", "no-link", "no-tests", "provides", "refinement", "requires", "rule", "selectables", "snip", "testlist" or "xref" or an element from another namespace
/home/runner/work/mobile-device/mobile-device/output/effective.xml:3988:102: error: element "m" not allowed anywhere; expected the element end-tag or element "M", "NA", "O", "aactivity" or "app-note"
/home/runner/work/mobile-device/mobile-device/output/effective.xml:3998:48: error: element "tss" not allowed anywhere; expected text, element "Guidance", "KMD", "TSS", "Tests", "_", "also", "assignable", "choice", "comment", "ctr", "depends", "endnote", "equation", "external-doc", "figure", "if-opt-app", "implements", "no-link", "no-tests", "provides", "refinement", "requires", "rule", "selectables", "snip", "testlist" or "xref" or an element from another namespace
/home/runner/work/mobile-device/mobile-device/output/effective.xml:4006:21: error: element "guidance" not allowed here; expected text, element "Guidance", "KMD", "TSS", "Tests", "_", "also", "assignable", "choice", "comment", "ctr", "depends", "endnote", "equation", "external-doc", "figure", "if-opt-app", "implements", "no-link", "no-tests", "provides", "refinement", "requires", "rule", "selectables", "snip", "testlist" or "xref" or an element from another namespace
/home/runner/work/mobile-device/mobile-device/output/effective.xml:4007:78: error: text not allowed here; expected element "ref-id"
/home/runner/work/mobile-device/mobile-device/output/effective.xml:4008:77: error: text not allowed here; expected element "ref-id"
/home/runner/work/mobile-device/mobile-device/output/effective.xml:4008:86: error: element "htm:br" not allowed yet; missing required element "ref-id"
/home/runner/work/mobile-device/mobile-device/output/effective.xml:4008:113: error: element "tests" not allowed anywhere; expected text, element "Guidance", "KMD", "TSS", "Tests", "_", "also", "assignable", "choice", "comment", "ctr", "depends", "endnote", "equation", "external-doc", "figure", "if-opt-app", "implements", "no-link", "no-tests", "provides", "refinement", "requires", "rule", "selectables", "snip", "testlist" or "xref" or an element from another namespace
/home/runner/work/mobile-device/mobile-device/output/effective.xml:4012:44: error: element "tests" not allowed anywhere; expected text, element "Guidance", "KMD", "TSS", "Tests", "_", "also", "assignable", "choice", "comment", "ctr", "depends", "endnote", "equation", "external-doc", "figure", "if-opt-app", "implements", "no-link", "no-tests", "provides", "refinement", "requires", "rule", "selectables", "snip", "testlist" or "xref" or an element from another namespace
/home/runner/work/mobile-device/mobile-device/output/effective.xml:4012:53: error: element "tests" not allowed anywhere; expected text, element "Guidance", "KMD", "TSS", "Tests", "_", "also", "assignable", "choice", "comment", "ctr", "depends", "endnote", "equation", "external-doc", "figure", "if-opt-app", "implements", "no-link", "no-tests", "provides", "refinement", "requires", "rule", "selectables", "snip", "testlist" or "xref" or an element from another namespace
/home/runner/work/mobile-device/mobile-device/output/effective.xml:4013:70: error: element "tests" not allowed anywhere; expected text, element "Guidance", "KMD", "TSS", "Tests", "_", "also", "assignable", "choice", "comment", "ctr", "depends", "endnote", "equation", "external-doc", "figure", "if-opt-app", "implements", "no-link", "no-tests", "provides", "refinement", "requires", "rule", "selectables", "snip", "testlist" or "xref" or an element from another namespace
/home/runner/work/mobile-device/mobile-device/output/effective.xml:4013:79: error: element "tests" not allowed anywhere; expected text, element "Guidance", "KMD", "TSS", "Tests", "_", "also", "assignable", "choice", "comment", "ctr", "depends", "endnote", "equation", "external-doc", "figure", "if-opt-app", "implements", "no-link", "no-tests", "provides", "refinement", "requires", "rule", "selectables", "snip", "testlist" or "xref" or an element from another namespace
/home/runner/work/mobile-device/mobile-device/output/effective.xml:4017:90: error: element "tests" not allowed anywhere; expected text, element "Guidance", "KMD", "TSS", "Tests", "_", "also", "assignable", "choice", "comment", "ctr", "depends", "endnote", "equation", "external-doc", "figure", "if-opt-app", "implements", "no-link", "no-tests", "provides", "refinement", "requires", "rule", "selectables", "snip", "testlist" or "xref" or an element from another namespace
/home/runner/work/mobile-device/mobile-device/output/effective.xml:4017:99: error: element "tests" not allowed anywhere; expected text, element "Guidance", "KMD", "TSS", "Tests", "_", "also", "assignable", "choice", "comment", "ctr", "depends", "endnote", "equation", "external-doc", "figure", "if-opt-app", "implements", "no-link", "no-tests", "provides", "refinement", "requires", "rule", "selectables", "snip", "testlist" or "xref" or an element from another namespace
/home/runner/work/mobile-device/mobile-device/output/effective.xml:4020:36: error: element "tests" not allowed anywhere; expected text, element "Guidance", "KMD", "TSS", "Tests", "_", "also", "assignable", "choice", "comment", "ctr", "depends", "endnote", "equation", "external-doc", "figure", "if-opt-app", "implements", "no-link", "no-tests", "provides", "refinement", "requires", "rule", "selectables", "snip", "testlist" or "xref" or an element from another namespace
/home/runner/work/mobile-device/mobile-device/output/effective.xml:4026:91: error: element "tests" not allowed anywhere; expected text, element "Guidance", "KMD", "TSS", "Tests", "_", "also", "assignable", "choice", "comment", "ctr", "depends", "endnote", "equation", "external-doc", "figure", "if-opt-app", "implements", "no-link", "no-tests", "provides", "refinement", "requires", "rule", "selectables", "snip", "testlist" or "xref" or an element from another namespace
/home/runner/work/mobile-device/mobile-device/output/effective.xml:4026:100: error: element "tests" not allowed anywhere; expected text, element "Guidance", "KMD", "TSS", "Tests", "_", "also", "assignable", "choice", "comment", "ctr", "depends", "endnote", "equation", "external-doc", "figure", "if-opt-app", "implements", "no-link", "no-tests", "provides", "refinement", "requires", "rule", "selectables", "snip", "testlist" or "xref" or an element from another namespace
/home/runner/work/mobile-device/mobile-device/output/effective.xml:4031:70: error: element "tests" not allowed anywhere; expected text, element "Guidance", "KMD", "TSS", "Tests", "_", "also", "assignable", "choice", "comment", "ctr", "depends", "endnote", "equation", "external-doc", "figure", "if-opt-app", "implements", "no-link", "no-tests", "provides", "refinement", "requires", "rule", "selectables", "snip", "testlist" or "xref" or an element from another namespace
/home/runner/work/mobile-device/mobile-device/output/effective.xml:4031:79: error: element "tests" not allowed anywhere; expected text, element "Guidance", "KMD", "TSS", "Tests", "_", "also", "assignable", "choice", "comment", "ctr", "depends", "endnote", "equation", "external-doc", "figure", "if-opt-app", "implements", "no-link", "no-tests", "provides", "refinement", "requires", "rule", "selectables", "snip", "testlist" or "xref" or an element from another namespace
/home/runner/work/mobile-device/mobile-device/output/effective.xml:4039:77: error: element "tests" not allowed anywhere; expected text, element "Guidance", "KMD", "TSS", "Tests", "_", "also", "assignable", "choice", "comment", "ctr", "depends", "endnote", "equation", "external-doc", "figure", "if-opt-app", "implements", "no-link", "no-tests", "provides", "refinement", "requires", "rule", "selectables", "snip", "testlist" or "xref" or an element from another namespace
/home/runner/work/mobile-device/mobile-device/output/effective.xml:4039:86: error: element "tests" not allowed anywhere; expected text, element "Guidance", "KMD", "TSS", "Tests", "_", "also", "assignable", "choice", "comment", "ctr", "depends", "endnote", "equation", "external-doc", "figure", "if-opt-app", "implements", "no-link", "no-tests", "provides", "refinement", "requires", "rule", "selectables", "snip", "testlist" or "xref" or an element from another namespace
/home/runner/work/mobile-device/mobile-device/output/effective.xml:4053:23: error: element "aactivity" incomplete; expected text, element "Guidance", "KMD", "TSS", "Tests", "_", "also", "assignable", "choice", "comment", "ctr", "depends", "endnote", "equation", "external-doc", "figure", "if-opt-app", "implements", "no-link", "no-tests", "provides", "refinement", "requires", "rule", "selectables", "snip", "testlist" or "xref" or an element from another namespace
/home/runner/work/mobile-device/mobile-device/output/effective.xml:4054:487: error: element "m" not allowed anywhere; expected the element end-tag or element "M", "NA", "O", "aactivity" or "app-note"
/home/runner/work/mobile-device/mobile-device/output/effective.xml:4073:43: error: element "tss" not allowed anywhere; expected text, element "Guidance", "KMD", "TSS", "Tests", "_", "also", "assignable", "choice", "comment", "ctr", "depends", "endnote", "equation", "external-doc", "figure", "if-opt-app", "implements", "no-link", "no-tests", "provides", "refinement", "requires", "rule", "selectables", "snip", "testlist" or "xref" or an element from another namespace
/home/runner/work/mobile-device/mobile-device/output/effective.xml:4079:18: error: element "tests" not allowed anywhere; expected text, element "Guidance", "KMD", "TSS", "Tests", "_", "also", "assignable", "choice", "comment", "ctr", "depends", "endnote", "equation", "external-doc", "figure", "if-opt-app", "implements", "no-link", "no-tests", "provides", "refinement", "requires", "rule", "selectables", "snip", "testlist" or "xref" or an element from another namespace
/home/runner/work/mobile-device/mobile-device/output/effective.xml:4100:59: error: element "tests" not allowed anywhere; expected text, element "Guidance", "KMD", "TSS", "Tests", "_", "also", "assignable", "choice", "comment", "ctr", "depends", "endnote", "equation", "external-doc", "figure", "if-opt-app", "implements", "no-link", "no-tests", "provides", "refinement", "requires", "rule", "selectables", "snip", "testlist" or "xref" or an element from another namespace
/home/runner/work/mobile-device/mobile-device/output/effective.xml:4100:79: error: element "aactivity" incomplete; expected text, element "Guidance", "KMD", "TSS", "Tests", "_", "also", "assignable", "choice", "comment", "ctr", "depends", "endnote", "equation", "external-doc", "figure", "if-opt-app", "implements", "no-link", "no-tests", "provides", "refinement", "requires", "rule", "selectables", "snip", "testlist" or "xref" or an element from another namespace
/home/runner/work/mobile-device/mobile-device/output/effective.xml:4101:46: error: element "m" not allowed anywhere; expected the element end-tag or element "M", "NA", "O", "aactivity" or "app-note"
/home/runner/work/mobile-device/mobile-device/output/effective.xml:4101:59: error: element "na" not allowed anywhere; expected the element end-tag or element "M", "NA", "O", "aactivity" or "app-note"
/home/runner/work/mobile-device/mobile-device/output/effective.xml:4101:71: error: element "m" not allowed anywhere; expected the element end-tag or element "M", "NA", "O", "aactivity" or "app-note"
/home/runner/work/mobile-device/mobile-device/output/effective.xml:4101:85: error: element "na" not allowed anywhere; expected the element end-tag or element "M", "NA", "O", "aactivity" or "app-note"
/home/runner/work/mobile-device/mobile-device/output/effective.xml:4101:103: error: element "tests" not allowed anywhere; expected text, element "Guidance", "KMD", "TSS", "Tests", "_", "also", "assignable", "choice", "comment", "ctr", "depends", "endnote", "equation", "external-doc", "figure", "if-opt-app", "implements", "no-link", "no-tests", "provides", "refinement", "requires", "rule", "selectables", "snip", "testlist" or "xref" or an element from another namespace
/home/runner/work/mobile-device/mobile-device/output/effective.xml:4106:27: error: element "aactivity" incomplete; expected text, element "Guidance", "KMD", "TSS", "Tests", "_", "also", "assignable", "choice", "comment", "ctr", "depends", "endnote", "equation", "external-doc", "figure", "if-opt-app", "implements", "no-link", "no-tests", "provides", "refinement", "requires", "rule", "selectables", "snip", "testlist" or "xref" or an element from another namespace
/home/runner/work/mobile-device/mobile-device/output/effective.xml:4106:136: error: element "m" not allowed anywhere; expected the element end-tag or element "M", "NA", "O", "aactivity" or "app-note"
/home/runner/work/mobile-device/mobile-device/output/effective.xml:4106:149: error: element "na" not allowed anywhere; expected the element end-tag or element "M", "NA", "O", "aactivity" or "app-note"
/home/runner/work/mobile-device/mobile-device/output/effective.xml:4106:161: error: element "m" not allowed anywhere; expected the element end-tag or element "M", "NA", "O", "aactivity" or "app-note"
/home/runner/work/mobile-device/mobile-device/output/effective.xml:4106:175: error: element "na" not allowed anywhere; expected the element end-tag or element "M", "NA", "O", "aactivity" or "app-note"
/home/runner/work/mobile-device/mobile-device/output/effective.xml:4110:88: error: element "tests" not allowed anywhere; expected text, element "Guidance", "KMD", "TSS", "Tests", "_", "also", "assignable", "choice", "comment", "ctr", "depends", "endnote", "equation", "external-doc", "figure", "if-opt-app", "implements", "no-link", "no-tests", "provides", "refinement", "requires", "rule", "selectables", "snip", "testlist" or "xref" or an element from another namespace
/home/runner/work/mobile-device/mobile-device/output/effective.xml:4111:147: error: element "aactivity" incomplete; expected text, element "Guidance", "KMD", "TSS", "Tests", "_", "also", "assignable", "choice", "comment", "ctr", "depends", "endnote", "equation", "external-doc", "figure", "if-opt-app", "implements", "no-link", "no-tests", "provides", "refinement", "requires", "rule", "selectables", "snip", "testlist" or "xref" or an element from another namespace
/home/runner/work/mobile-device/mobile-device/output/effective.xml:4113:267: error: element "m" not allowed anywhere; expected the element end-tag or element "M", "NA", "O", "aactivity" or "app-note"
/home/runner/work/mobile-device/mobile-device/output/effective.xml:4113:280: error: element "na" not allowed anywhere; expected the element end-tag or element "M", "NA", "O", "aactivity" or "app-note"
/home/runner/work/mobile-device/mobile-device/output/effective.xml:4113:292: error: element "m" not allowed anywhere; expected the element end-tag or element "M", "NA", "O", "aactivity" or "app-note"
/home/runner/work/mobile-device/mobile-device/output/effective.xml:4113:305: error: element "m" not allowed anywhere; expected the element end-tag or element "M", "NA", "O", "aactivity" or "app-note"
/home/runner/work/mobile-device/mobile-device/output/effective.xml:4124:142: error: element "tss" not allowed anywhere; expected text, element "Guidance", "KMD", "TSS", "Tests", "_", "also", "assignable", "choice", "comment", "ctr", "depends", "endnote", "equation", "external-doc", "figure", "if-opt-app", "implements", "no-link", "no-tests", "provides", "refinement", "requires", "rule", "selectables", "snip", "testlist" or "xref" or an element from another namespace
/home/runner/work/mobile-device/mobile-device/output/effective.xml:4128:51: error: element "tss" not allowed anywhere; expected text, element "Guidance", "KMD", "TSS", "Tests", "_", "also", "assignable", "choice", "comment", "ctr", "depends", "endnote", "equation", "external-doc", "figure", "if-opt-app", "implements", "no-link", "no-tests", "provides", "refinement", "requires", "rule", "selectables", "snip", "testlist" or "xref" or an element from another namespace
/home/runner/work/mobile-device/mobile-device/output/effective.xml:4131:16: error: element "tests" not allowed anywhere; expected text, element "Guidance", "KMD", "TSS", "Tests", "_", "also", "assignable", "choice", "comment", "ctr", "depends", "endnote", "equation", "external-doc", "figure", "if-opt-app", "implements", "no-link", "no-tests", "provides", "refinement", "requires", "rule", "selectables", "snip", "testlist" or "xref" or an element from another namespace
/home/runner/work/mobile-device/mobile-device/output/effective.xml:4142:41: error: element "tests" not allowed anywhere; expected text, element "Guidance", "KMD", "TSS", "Tests", "_", "also", "assignable", "choice", "comment", "ctr", "depends", "endnote", "equation", "external-doc", "figure", "if-opt-app", "implements", "no-link", "no-tests", "provides", "refinement", "requires", "rule", "selectables", "snip", "testlist" or "xref" or an element from another namespace
/home/runner/work/mobile-device/mobile-device/output/effective.xml:4142:61: error: element "aactivity" incomplete; expected text, element "Guidance", "KMD", "TSS", "Tests", "_", "also", "assignable", "choice", "comment", "ctr", "depends", "endnote", "equation", "external-doc", "figure", "if-opt-app", "implements", "no-link", "no-tests", "provides", "refinement", "requires", "rule", "selectables", "snip", "testlist" or "xref" or an element from another namespace
/home/runner/work/mobile-device/mobile-device/output/effective.xml:4143:63: error: element "m" not allowed anywhere; expected the element end-tag or element "M", "NA", "O", "aactivity" or "app-note"
/home/runner/work/mobile-device/mobile-device/output/effective.xml:4143:77: error: element "na" not allowed anywhere; expected the element end-tag or element "M", "NA", "O", "aactivity" or "app-note"
/home/runner/work/mobile-device/mobile-device/output/effective.xml:4143:120: error: element "tss" not allowed anywhere; expected text, element "Guidance", "KMD", "TSS", "Tests", "_", "also", "assignable", "choice", "comment", "ctr", "depends", "endnote", "equation", "external-doc", "figure", "if-opt-app", "implements", "no-link", "no-tests", "provides", "refinement", "requires", "rule", "selectables", "snip", "testlist" or "xref" or an element from another namespace
/home/runner/work/mobile-device/mobile-device/output/effective.xml:4145:46: error: element "tests" not allowed anywhere; expected text, element "Guidance", "KMD", "TSS", "Tests", "_", "also", "assignable", "choice", "comment", "ctr", "depends", "endnote", "equation", "external-doc", "figure", "if-opt-app", "implements", "no-link", "no-tests", "provides", "refinement", "requires", "rule", "selectables", "snip", "testlist" or "xref" or an element from another namespace
/home/runner/work/mobile-device/mobile-device/output/effective.xml:4147:27: error: element "aactivity" incomplete; expected text, element "Guidance", "KMD", "TSS", "Tests", "_", "also", "assignable", "choice", "comment", "ctr", "depends", "endnote", "equation", "external-doc", "figure", "if-opt-app", "implements", "no-link", "no-tests", "provides", "refinement", "requires", "rule", "selectables", "snip", "testlist" or "xref" or an element from another namespace
/home/runner/work/mobile-device/mobile-device/output/effective.xml:4149:126: error: element "m" not allowed anywhere; expected the element end-tag or element "M", "NA", "O", "aactivity" or "app-note"
/home/runner/work/mobile-device/mobile-device/output/effective.xml:4149:140: error: element "na" not allowed anywhere; expected the element end-tag or element "M", "NA", "O", "aactivity" or "app-note"
/home/runner/work/mobile-device/mobile-device/output/effective.xml:4150:84: error: element "m" not allowed anywhere; expected the element end-tag or element "M", "NA", "O", "aactivity" or "app-note"
/home/runner/work/mobile-device/mobile-device/output/effective.xml:4150:97: error: element "na" not allowed anywhere; expected the element end-tag or element "M", "NA", "O", "aactivity" or "app-note"
/home/runner/work/mobile-device/mobile-device/output/effective.xml:4150:109: error: element "m" not allowed anywhere; expected the element end-tag or element "M", "NA", "O", "aactivity" or "app-note"
/home/runner/work/mobile-device/mobile-device/output/effective.xml:4150:130: error: element "guidance" not allowed here; expected text, element "Guidance", "KMD", "TSS", "Tests", "_", "also", "assignable", "choice", "comment", "ctr", "depends", "endnote", "equation", "external-doc", "figure", "if-opt-app", "implements", "no-link", "no-tests", "provides", "refinement", "requires", "rule", "selectables", "snip", "testlist" or "xref" or an element from another namespace
/home/runner/work/mobile-device/mobile-device/output/effective.xml:4150:149: error: text not allowed here; expected element "ref-id"
/home/runner/work/mobile-device/mobile-device/output/effective.xml:4151:101: error: text not allowed here; expected element "ref-id"
/home/runner/work/mobile-device/mobile-device/output/effective.xml:4152:98: error: text not allowed here; expected element "ref-id"
/home/runner/work/mobile-device/mobile-device/output/effective.xml:4153:97: error: text not allowed here; expected element "ref-id"
/home/runner/work/mobile-device/mobile-device/output/effective.xml:4154:65: error: text not allowed here; expected element "ref-id"
/home/runner/work/mobile-device/mobile-device/output/effective.xml:4155:20: error: element "guidance" incomplete; missing required element "ref-id"
/home/runner/work/mobile-device/mobile-device/output/effective.xml:4155:27: error: element "tests" not allowed anywhere; expected text, element "Guidance", "KMD", "TSS", "Tests", "_", "also", "assignable", "choice", "comment", "ctr", "depends", "endnote", "equation", "external-doc", "figure", "if-opt-app", "implements", "no-link", "no-tests", "provides", "refinement", "requires", "rule", "selectables", "snip", "testlist" or "xref" or an element from another namespace
/home/runner/work/mobile-device/mobile-device/output/effective.xml:4161:29: error: element "aactivity" incomplete; expected text, element "Guidance", "KMD", "TSS", "Tests", "_", "also", "assignable", "choice", "comment", "ctr", "depends", "endnote", "equation", "external-doc", "figure", "if-opt-app", "implements", "no-link", "no-tests", "provides", "refinement", "requires", "rule", "selectables", "snip", "testlist" or "xref" or an element from another namespace
/home/runner/work/mobile-device/mobile-device/output/effective.xml:4163:128: error: element "m" not allowed anywhere; expected the element end-tag or element "M", "NA", "O", "aactivity" or "app-note"
/home/runner/work/mobile-device/mobile-device/output/effective.xml:4163:142: error: element "na" not allowed anywhere; expected the element end-tag or element "M", "NA", "O", "aactivity" or "app-note"
/home/runner/work/mobile-device/mobile-device/output/effective.xml:4170:34: error: element "tss" not allowed anywhere; expected text, element "Guidance", "KMD", "TSS", "Tests", "_", "also", "assignable", "choice", "comment", "ctr", "depends", "endnote", "equation", "external-doc", "figure", "if-opt-app", "implements", "no-link", "no-tests", "provides", "refinement", "requires", "rule", "selectables", "snip", "testlist" or "xref" or an element from another namespace
/home/runner/work/mobile-device/mobile-device/output/effective.xml:4174:22: error: element "tests" not allowed anywhere; expected text, element "Guidance", "KMD", "TSS", "Tests", "_", "also", "assignable", "choice", "comment", "ctr", "depends", "endnote", "equation", "external-doc", "figure", "if-opt-app", "implements", "no-link", "no-tests", "provides", "refinement", "requires", "rule", "selectables", "snip", "testlist" or "xref" or an element from another namespace
/home/runner/work/mobile-device/mobile-device/output/effective.xml:4176:118: error: element "tests" not allowed anywhere; expected text, element "Guidance", "KMD", "TSS", "Tests", "_", "also", "assignable", "choice", "comment", "ctr", "depends", "endnote", "equation", "external-doc", "figure", "if-opt-app", "implements", "no-link", "no-tests", "provides", "refinement", "requires", "rule", "selectables", "snip", "testlist" or "xref" or an element from another namespace
/home/runner/work/mobile-device/mobile-device/output/effective.xml:4178:29: error: element "aactivity" incomplete; expected text, element "Guidance", "KMD", "TSS", "Tests", "_", "also", "assignable", "choice", "comment", "ctr", "depends", "endnote", "equation", "external-doc", "figure", "if-opt-app", "implements", "no-link", "no-tests", "provides", "refinement", "requires", "rule", "selectables", "snip", "testlist" or "xref" or an element from another namespace
/home/runner/work/mobile-device/mobile-device/output/effective.xml:4178:142: error: element "m" not allowed anywhere; expected the element end-tag or element "M", "NA", "O", "aactivity" or "app-note"
/home/runner/work/mobile-device/mobile-device/output/effective.xml:4178:154: error: element "o" not allowed anywhere; expected the element end-tag or element "M", "NA", "O", "aactivity" or "app-note"
/home/runner/work/mobile-device/mobile-device/output/effective.xml:4178:166: error: element "o" not allowed anywhere; expected the element end-tag or element "M", "NA", "O", "aactivity" or "app-note"
/home/runner/work/mobile-device/mobile-device/output/effective.xml:4178:179: error: element "o" not allowed anywhere; expected the element end-tag or element "M", "NA", "O", "aactivity" or "app-note"
/home/runner/work/mobile-device/mobile-device/output/effective.xml:4184:34: error: element "tss" not allowed anywhere; expected text, element "Guidance", "KMD", "TSS", "Tests", "_", "also", "assignable", "choice", "comment", "ctr", "depends", "endnote", "equation", "external-doc", "figure", "if-opt-app", "implements", "no-link", "no-tests", "provides", "refinement", "requires", "rule", "selectables", "snip", "testlist" or "xref" or an element from another namespace
/home/runner/work/mobile-device/mobile-device/output/effective.xml:4189:22: error: element "tests" not allowed anywhere; expected text, element "Guidance", "KMD", "TSS", "Tests", "_", "also", "assignable", "choice", "comment", "ctr", "depends", "endnote", "equation", "external-doc", "figure", "if-opt-app", "implements", "no-link", "no-tests", "provides", "refinement", "requires", "rule", "selectables", "snip", "testlist" or "xref" or an element from another namespace
/home/runner/work/mobile-device/mobile-device/output/effective.xml:4192:29: error: element "aactivity" incomplete; expected text, element "Guidance", "KMD", "TSS", "Tests", "_", "also", "assignable", "choice", "comment", "ctr", "depends", "endnote", "equation", "external-doc", "figure", "if-opt-app", "implements", "no-link", "no-tests", "provides", "refinement", "requires", "rule", "selectables", "snip", "testlist" or "xref" or an element from another namespace
/home/runner/work/mobile-device/mobile-device/output/effective.xml:4192:136: error: element "m" not allowed anywhere; expected the element end-tag or element "M", "NA", "O", "aactivity" or "app-note"
/home/runner/work/mobile-device/mobile-device/output/effective.xml:4192:149: error: element "na" not allowed anywhere; expected the element end-tag or element "M", "NA", "O", "aactivity" or "app-note"
/home/runner/work/mobile-device/mobile-device/output/effective.xml:4192:161: error: element "m" not allowed anywhere; expected the element end-tag or element "M", "NA", "O", "aactivity" or "app-note"
/home/runner/work/mobile-device/mobile-device/output/effective.xml:4192:177: error: element "tss" not allowed anywhere; expected text, element "Guidance", "KMD", "TSS", "Tests", "_", "also", "assignable", "choice", "comment", "ctr", "depends", "endnote", "equation", "external-doc", "figure", "if-opt-app", "implements", "no-link", "no-tests", "provides", "refinement", "requires", "rule", "selectables", "snip", "testlist" or "xref" or an element from another namespace
/home/runner/work/mobile-device/mobile-device/output/effective.xml:4205:18: error: element "tests" not allowed anywhere; expected text, element "Guidance", "KMD", "TSS", "Tests", "_", "also", "assignable", "choice", "comment", "ctr", "depends", "endnote", "equation", "external-doc", "figure", "if-opt-app", "implements", "no-link", "no-tests", "provides", "refinement", "requires", "rule", "selectables", "snip", "testlist" or "xref" or an element from another namespace
/home/runner/work/mobile-device/mobile-device/output/effective.xml:4208:79: error: element "aactivity" incomplete; expected text, element "Guidance", "KMD", "TSS", "Tests", "_", "also", "assignable", "choice", "comment", "ctr", "depends", "endnote", "equation", "external-doc", "figure", "if-opt-app", "implements", "no-link", "no-tests", "provides", "refinement", "requires", "rule", "selectables", "snip", "testlist" or "xref" or an element from another namespace
/home/runner/work/mobile-device/mobile-device/output/effective.xml:4208:186: error: element "m" not allowed anywhere; expected the element end-tag or element "M", "NA", "O", "aactivity" or "app-note"
/home/runner/work/mobile-device/mobile-device/output/effective.xml:4208:199: error: element "na" not allowed anywhere; expected the element end-tag or element "M", "NA", "O", "aactivity" or "app-note"
/home/runner/work/mobile-device/mobile-device/output/effective.xml:4208:211: error: element "m" not allowed anywhere; expected the element end-tag or element "M", "NA", "O", "aactivity" or "app-note"
/home/runner/work/mobile-device/mobile-device/output/effective.xml:4217:36: error: element "tests" not allowed anywhere; expected text, element "Guidance", "KMD", "TSS", "Tests", "_", "also", "assignable", "choice", "comment", "ctr", "depends", "endnote", "equation", "external-doc", "figure", "if-opt-app", "implements", "no-link", "no-tests", "provides", "refinement", "requires", "rule", "selectables", "snip", "testlist" or "xref" or an element from another namespace
/home/runner/work/mobile-device/mobile-device/output/effective.xml:4220:27: error: element "aactivity" incomplete; expected text, element "Guidance", "KMD", "TSS", "Tests", "_", "also", "assignable", "choice", "comment", "ctr", "depends", "endnote", "equation", "external-doc", "figure", "if-opt-app", "implements", "no-link", "no-tests", "provides", "refinement", "requires", "rule", "selectables", "snip", "testlist" or "xref" or an element from another namespace
/home/runner/work/mobile-device/mobile-device/output/effective.xml:4220:136: error: element "m" not allowed anywhere; expected the element end-tag or element "M", "NA", "O", "aactivity" or "app-note"
/home/runner/work/mobile-device/mobile-device/output/effective.xml:4220:149: error: element "na" not allowed anywhere; expected the element end-tag or element "M", "NA", "O", "aactivity" or "app-note"
/home/runner/work/mobile-device/mobile-device/output/effective.xml:4220:161: error: element "m" not allowed anywhere; expected the element end-tag or element "M", "NA", "O", "aactivity" or "app-note"
/home/runner/work/mobile-device/mobile-device/output/effective.xml:4225:36: error: element "tests" not allowed anywhere; expected text, element "Guidance", "KMD", "TSS", "Tests", "_", "also", "assignable", "choice", "comment", "ctr", "depends", "endnote", "equation", "external-doc", "figure", "if-opt-app", "implements", "no-link", "no-tests", "provides", "refinement", "requires", "rule", "selectables", "snip", "testlist" or "xref" or an element from another namespace
/home/runner/work/mobile-device/mobile-device/output/effective.xml:4227:62: error: element "aactivity" incomplete; expected text, element "Guidance", "KMD", "TSS", "Tests", "_", "also", "assignable", "choice", "comment", "ctr", "depends", "endnote", "equation", "external-doc", "figure", "if-opt-app", "implements", "no-link", "no-tests", "provides", "refinement", "requires", "rule", "selectables", "snip", "testlist" or "xref" or an element from another namespace
/home/runner/work/mobile-device/mobile-device/output/effective.xml:4228:51: error: element "m" not allowed anywhere; expected the element end-tag or element "M", "NA", "O", "aactivity" or "app-note"
/home/runner/work/mobile-device/mobile-device/output/effective.xml:4228:64: error: element "na" not allowed anywhere; expected the element end-tag or element "M", "NA", "O", "aactivity" or "app-note"
/home/runner/work/mobile-device/mobile-device/output/effective.xml:4228:76: error: element "m" not allowed anywhere; expected the element end-tag or element "M", "NA", "O", "aactivity" or "app-note"
/home/runner/work/mobile-device/mobile-device/output/effective.xml:4228:90: error: element "na" not allowed anywhere; expected the element end-tag or element "M", "NA", "O", "aactivity" or "app-note"
/home/runner/work/mobile-device/mobile-device/output/effective.xml:4235:34: error: element "tests" not allowed anywhere; expected text, element "Guidance", "KMD", "TSS", "Tests", "_", "also", "assignable", "choice", "comment", "ctr", "depends", "endnote", "equation", "external-doc", "figure", "if-opt-app", "implements", "no-link", "no-tests", "provides", "refinement", "requires", "rule", "selectables", "snip", "testlist" or "xref" or an element from another namespace
/home/runner/work/mobile-device/mobile-device/output/effective.xml:4239:46: error: element "aactivity" incomplete; expected text, element "Guidance", "KMD", "TSS", "Tests", "_", "also", "assignable", "choice", "comment", "ctr", "depends", "endnote", "equation", "external-doc", "figure", "if-opt-app", "implements", "no-link", "no-tests", "provides", "refinement", "requires", "rule", "selectables", "snip", "testlist" or "xref" or an element from another namespace
/home/runner/work/mobile-device/mobile-device/output/effective.xml:4240:469: error: element "m" not allowed anywhere; expected the element end-tag or element "M", "NA", "O", "aactivity" or "app-note"
/home/runner/work/mobile-device/mobile-device/output/effective.xml:4245:37: error: element "guidance" not allowed here; expected text, element "Guidance", "KMD", "TSS", "Tests", "_", "also", "assignable", "choice", "comment", "ctr", "depends", "endnote", "equation", "external-doc", "figure", "if-opt-app", "implements", "no-link", "no-tests", "provides", "refinement", "requires", "rule", "selectables", "snip", "testlist" or "xref" or an element from another namespace
/home/runner/work/mobile-device/mobile-device/output/effective.xml:4245:50: error: text not allowed here; expected element "ref-id"
/home/runner/work/mobile-device/mobile-device/output/effective.xml:4246:99: error: text not allowed here; expected element "ref-id"
/home/runner/work/mobile-device/mobile-device/output/effective.xml:4247:65: error: text not allowed here; expected element "ref-id"
/home/runner/work/mobile-device/mobile-device/output/effective.xml:4247:94: error: element "xref" not allowed yet; missing required element "ref-id"
/home/runner/work/mobile-device/mobile-device/output/effective.xml:4250:21: error: element "tests" not allowed anywhere; expected text, element "Guidance", "KMD", "TSS", "Tests", "_", "also", "assignable", "choice", "comment", "ctr", "depends", "endnote", "equation", "external-doc", "figure", "if-opt-app", "implements", "no-link", "no-tests", "provides", "refinement", "requires", "rule", "selectables", "snip", "testlist" or "xref" or an element from another namespace
/home/runner/work/mobile-device/mobile-device/output/effective.xml:4252:108: error: element "aactivity" incomplete; expected text, element "Guidance", "KMD", "TSS", "Tests", "_", "also", "assignable", "choice", "comment", "ctr", "depends", "endnote", "equation", "external-doc", "figure", "if-opt-app", "implements", "no-link", "no-tests", "provides", "refinement", "requires", "rule", "selectables", "snip", "testlist" or "xref" or an element from another namespace
/home/runner/work/mobile-device/mobile-device/output/effective.xml:4252:220: error: element "m" not allowed anywhere; expected the element end-tag or element "M", "NA", "O", "aactivity" or "app-note"
/home/runner/work/mobile-device/mobile-device/output/effective.xml:4255:36: error: element "tests" not allowed anywhere; expected text, element "Guidance", "KMD", "TSS", "Tests", "_", "also", "assignable", "choice", "comment", "ctr", "depends", "endnote", "equation", "external-doc", "figure", "if-opt-app", "implements", "no-link", "no-tests", "provides", "refinement", "requires", "rule", "selectables", "snip", "testlist" or "xref" or an element from another namespace
/home/runner/work/mobile-device/mobile-device/output/effective.xml:4261:27: error: element "aactivity" incomplete; expected text, element "Guidance", "KMD", "TSS", "Tests", "_", "also", "assignable", "choice", "comment", "ctr", "depends", "endnote", "equation", "external-doc", "figure", "if-opt-app", "implements", "no-link", "no-tests", "provides", "refinement", "requires", "rule", "selectables", "snip", "testlist" or "xref" or an element from another namespace
/home/runner/work/mobile-device/mobile-device/output/effective.xml:4262:64: error: element "m" not allowed anywhere; expected the element end-tag or element "M", "NA", "O", "aactivity" or "app-note"
/home/runner/work/mobile-device/mobile-device/output/effective.xml:4265:36: error: element "tests" not allowed anywhere; expected text, element "Guidance", "KMD", "TSS", "Tests", "_", "also", "assignable", "choice", "comment", "ctr", "depends", "endnote", "equation", "external-doc", "figure", "if-opt-app", "implements", "no-link", "no-tests", "provides", "refinement", "requires", "rule", "selectables", "snip", "testlist" or "xref" or an element from another namespace
/home/runner/work/mobile-device/mobile-device/output/effective.xml:4271:27: error: element "aactivity" incomplete; expected text, element "Guidance", "KMD", "TSS", "Tests", "_", "also", "assignable", "choice", "comment", "ctr", "depends", "endnote", "equation", "external-doc", "figure", "if-opt-app", "implements", "no-link", "no-tests", "provides", "refinement", "requires", "rule", "selectables", "snip", "testlist" or "xref" or an element from another namespace
/home/runner/work/mobile-device/mobile-device/output/effective.xml:4272:369: error: element "m" not allowed anywhere; expected the element end-tag or element "M", "NA", "O", "aactivity" or "app-note"
/home/runner/work/mobile-device/mobile-device/output/effective.xml:4276:34: error: element "tests" not allowed anywhere; expected text, element "Guidance", "KMD", "TSS", "Tests", "_", "also", "assignable", "choice", "comment", "ctr", "depends", "endnote", "equation", "external-doc", "figure", "if-opt-app", "implements", "no-link", "no-tests", "provides", "refinement", "requires", "rule", "selectables", "snip", "testlist" or "xref" or an element from another namespace
/home/runner/work/mobile-device/mobile-device/output/effective.xml:4287:81: error: element "tests" not allowed anywhere; expected text, element "Guidance", "KMD", "TSS", "Tests", "_", "also", "assignable", "choice", "comment", "ctr", "depends", "endnote", "equation", "external-doc", "figure", "if-opt-app", "implements", "no-link", "no-tests", "provides", "refinement", "requires", "rule", "selectables", "snip", "testlist" or "xref" or an element from another namespace
/home/runner/work/mobile-device/mobile-device/output/effective.xml:4287:101: error: element "aactivity" incomplete; expected text, element "Guidance", "KMD", "TSS", "Tests", "_", "also", "assignable", "choice", "comment", "ctr", "depends", "endnote", "equation", "external-doc", "figure", "if-opt-app", "implements", "no-link", "no-tests", "provides", "refinement", "requires", "rule", "selectables", "snip", "testlist" or "xref" or an element from another namespace
/home/runner/work/mobile-device/mobile-device/output/effective.xml:4295:34: error: element "tests" not allowed anywhere; expected text, element "Guidance", "KMD", "TSS", "Tests", "_", "also", "assignable", "choice", "comment", "ctr", "depends", "endnote", "equation", "external-doc", "figure", "if-opt-app", "implements", "no-link", "no-tests", "provides", "refinement", "requires", "rule", "selectables", "snip", "testlist" or "xref" or an element from another namespace
/home/runner/work/mobile-device/mobile-device/output/effective.xml:4310:57: error: element "tests" not allowed anywhere; expected text, element "Guidance", "KMD", "TSS", "Tests", "_", "also", "assignable", "choice", "comment", "ctr", "depends", "endnote", "equation", "external-doc", "figure", "if-opt-app", "implements", "no-link", "no-tests", "provides", "refinement", "requires", "rule", "selectables", "snip", "testlist" or "xref" or an element from another namespace
/home/runner/work/mobile-device/mobile-device/output/effective.xml:4310:77: error: element "aactivity" incomplete; expected text, element "Guidance", "KMD", "TSS", "Tests", "_", "also", "assignable", "choice", "comment", "ctr", "depends", "endnote", "equation", "external-doc", "figure", "if-opt-app", "implements", "no-link", "no-tests", "provides", "refinement", "requires", "rule", "selectables", "snip", "testlist" or "xref" or an element from another namespace
/home/runner/work/mobile-device/mobile-device/output/effective.xml:4314:36: error: element "tests" not allowed anywhere; expected text, element "Guidance", "KMD", "TSS", "Tests", "_", "also", "assignable", "choice", "comment", "ctr", "depends", "endnote", "equation", "external-doc", "figure", "if-opt-app", "implements", "no-link", "no-tests", "provides", "refinement", "requires", "rule", "selectables", "snip", "testlist" or "xref" or an element from another namespace
/home/runner/work/mobile-device/mobile-device/output/effective.xml:4315:65: error: element "tests" not allowed anywhere; expected text, element "Guidance", "KMD", "TSS", "Tests", "_", "also", "assignable", "choice", "comment", "ctr", "depends", "endnote", "equation", "external-doc", "figure", "if-opt-app", "implements", "no-link", "no-tests", "provides", "refinement", "requires", "rule", "selectables", "snip", "testlist" or "xref" or an element from another namespace
/home/runner/work/mobile-device/mobile-device/output/effective.xml:4315:87: error: element "aactivity" incomplete; expected text, element "Guidance", "KMD", "TSS", "Tests", "_", "also", "assignable", "choice", "comment", "ctr", "depends", "endnote", "equation", "external-doc", "figure", "if-opt-app", "implements", "no-link", "no-tests", "provides", "refinement", "requires", "rule", "selectables", "snip", "testlist" or "xref" or an element from another namespace
/home/runner/work/mobile-device/mobile-device/output/effective.xml:4329:32: error: element "tss" not allowed anywhere; expected text, element "Guidance", "KMD", "TSS", "Tests", "_", "also", "assignable", "choice", "comment", "ctr", "depends", "endnote", "equation", "external-doc", "figure", "if-opt-app", "implements", "no-link", "no-tests", "provides", "refinement", "requires", "rule", "selectables", "snip", "testlist" or "xref" or an element from another namespace
/home/runner/work/mobile-device/mobile-device/output/effective.xml:4332:125: error: element "tests" not allowed anywhere; expected text, element "Guidance", "KMD", "TSS", "Tests", "_", "also", "assignable", "choice", "comment", "ctr", "depends", "endnote", "equation", "external-doc", "figure", "if-opt-app", "implements", "no-link", "no-tests", "provides", "refinement", "requires", "rule", "selectables", "snip", "testlist" or "xref" or an element from another namespace
/home/runner/work/mobile-device/mobile-device/output/effective.xml:4340:48: error: element "aactivity" incomplete; expected text, element "Guidance", "KMD", "TSS", "Tests", "_", "also", "assignable", "choice", "comment", "ctr", "depends", "endnote", "equation", "external-doc", "figure", "if-opt-app", "implements", "no-link", "no-tests", "provides", "refinement", "requires", "rule", "selectables", "snip", "testlist" or "xref" or an element from another namespace
/home/runner/work/mobile-device/mobile-device/output/effective.xml:4345:32: error: element "tss" not allowed anywhere; expected text, element "Guidance", "KMD", "TSS", "Tests", "_", "also", "assignable", "choice", "comment", "ctr", "depends", "endnote", "equation", "external-doc", "figure", "if-opt-app", "implements", "no-link", "no-tests", "provides", "refinement", "requires", "rule", "selectables", "snip", "testlist" or "xref" or an element from another namespace
/home/runner/work/mobile-device/mobile-device/output/effective.xml:4347:110: error: element "tests" not allowed anywhere; expected text, element "Guidance", "KMD", "TSS", "Tests", "_", "also", "assignable", "choice", "comment", "ctr", "depends", "endnote", "equation", "external-doc", "figure", "if-opt-app", "implements", "no-link", "no-tests", "provides", "refinement", "requires", "rule", "selectables", "snip", "testlist" or "xref" or an element from another namespace
/home/runner/work/mobile-device/mobile-device/output/effective.xml:4351:27: error: element "aactivity" incomplete; expected text, element "Guidance", "KMD", "TSS", "Tests", "_", "also", "assignable", "choice", "comment", "ctr", "depends", "endnote", "equation", "external-doc", "figure", "if-opt-app", "implements", "no-link", "no-tests", "provides", "refinement", "requires", "rule", "selectables", "snip", "testlist" or "xref" or an element from another namespace
/home/runner/work/mobile-device/mobile-device/output/effective.xml:4355:34: error: element "tests" not allowed anywhere; expected text, element "Guidance", "KMD", "TSS", "Tests", "_", "also", "assignable", "choice", "comment", "ctr", "depends", "endnote", "equation", "external-doc", "figure", "if-opt-app", "implements", "no-link", "no-tests", "provides", "refinement", "requires", "rule", "selectables", "snip", "testlist" or "xref" or an element from another namespace
/home/runner/work/mobile-device/mobile-device/output/effective.xml:4360:94: error: element "aactivity" incomplete; expected text, element "Guidance", "KMD", "TSS", "Tests", "_", "also", "assignable", "choice", "comment", "ctr", "depends", "endnote", "equation", "external-doc", "figure", "if-opt-app", "implements", "no-link", "no-tests", "provides", "refinement", "requires", "rule", "selectables", "snip", "testlist" or "xref" or an element from another namespace
/home/runner/work/mobile-device/mobile-device/output/effective.xml:4366:37: error: element "guidance" not allowed here; expected text, element "Guidance", "KMD", "TSS", "Tests", "_", "also", "assignable", "choice", "comment", "ctr", "depends", "endnote", "equation", "external-doc", "figure", "if-opt-app", "implements", "no-link", "no-tests", "provides", "refinement", "requires", "rule", "selectables", "snip", "testlist" or "xref" or an element from another namespace
/home/runner/work/mobile-device/mobile-device/output/effective.xml:4366:40: error: text not allowed here; expected element "ref-id"
/home/runner/work/mobile-device/mobile-device/output/effective.xml:4367:97: error: text not allowed here; expected element "ref-id"
/home/runner/work/mobile-device/mobile-device/output/effective.xml:4368:100: error: text not allowed here; expected element "ref-id"
/home/runner/work/mobile-device/mobile-device/output/effective.xml:4369:74: error: text not allowed here; expected element "ref-id"
/home/runner/work/mobile-device/mobile-device/output/effective.xml:4370:14: error: element "guidance" incomplete; missing required element "ref-id"
/home/runner/work/mobile-device/mobile-device/output/effective.xml:4370:21: error: element "tests" not allowed anywhere; expected text, element "Guidance", "KMD", "TSS", "Tests", "_", "also", "assignable", "choice", "comment", "ctr", "depends", "endnote", "equation", "external-doc", "figure", "if-opt-app", "implements", "no-link", "no-tests", "provides", "refinement", "requires", "rule", "selectables", "snip", "testlist" or "xref" or an element from another namespace
/home/runner/work/mobile-device/mobile-device/output/effective.xml:4373:89: error: element "aactivity" incomplete; expected text, element "Guidance", "KMD", "TSS", "Tests", "_", "also", "assignable", "choice", "comment", "ctr", "depends", "endnote", "equation", "external-doc", "figure", "if-opt-app", "implements", "no-link", "no-tests", "provides", "refinement", "requires", "rule", "selectables", "snip", "testlist" or "xref" or an element from another namespace
/home/runner/work/mobile-device/mobile-device/output/effective.xml:4373:201: error: element "na" not allowed anywhere; expected the element end-tag or element "M", "NA", "O", "aactivity" or "app-note"
/home/runner/work/mobile-device/mobile-device/output/effective.xml:4373:219: error: element "tests" not allowed anywhere; expected text, element "Guidance", "KMD", "TSS", "Tests", "_", "also", "assignable", "choice", "comment", "ctr", "depends", "endnote", "equation", "external-doc", "figure", "if-opt-app", "implements", "no-link", "no-tests", "provides", "refinement", "requires", "rule", "selectables", "snip", "testlist" or "xref" or an element from another namespace
/home/runner/work/mobile-device/mobile-device/output/effective.xml:4376:82: error: element "aactivity" incomplete; expected text, element "Guidance", "KMD", "TSS", "Tests", "_", "also", "assignable", "choice", "comment", "ctr", "depends", "endnote", "equation", "external-doc", "figure", "if-opt-app", "implements", "no-link", "no-tests", "provides", "refinement", "requires", "rule", "selectables", "snip", "testlist" or "xref" or an element from another namespace
/home/runner/work/mobile-device/mobile-device/output/effective.xml:4387:32: error: element "tss" not allowed anywhere; expected text, element "Guidance", "KMD", "TSS", "Tests", "_", "also", "assignable", "choice", "comment", "ctr", "depends", "endnote", "equation", "external-doc", "figure", "if-opt-app", "implements", "no-link", "no-tests", "provides", "refinement", "requires", "rule", "selectables", "snip", "testlist" or "xref" or an element from another namespace
/home/runner/work/mobile-device/mobile-device/output/effective.xml:4392:28: error: element "tss" not allowed anywhere; expected text, element "Guidance", "KMD", "TSS", "Tests", "_", "also", "assignable", "choice", "comment", "ctr", "depends", "endnote", "equation", "external-doc", "figure", "if-opt-app", "implements", "no-link", "no-tests", "provides", "refinement", "requires", "rule", "selectables", "snip", "testlist" or "xref" or an element from another namespace
/home/runner/work/mobile-device/mobile-device/output/effective.xml:4392:37: error: element "tss" not allowed anywhere; expected text, element "Guidance", "KMD", "TSS", "Tests", "_", "also", "assignable", "choice", "comment", "ctr", "depends", "endnote", "equation", "external-doc", "figure", "if-opt-app", "implements", "no-link", "no-tests", "provides", "refinement", "requires", "rule", "selectables", "snip", "testlist" or "xref" or an element from another namespace
/home/runner/work/mobile-device/mobile-device/output/effective.xml:4393:57: error: element "tss" not allowed anywhere; expected text, element "Guidance", "KMD", "TSS", "Tests", "_", "also", "assignable", "choice", "comment", "ctr", "depends", "endnote", "equation", "external-doc", "figure", "if-opt-app", "implements", "no-link", "no-tests", "provides", "refinement", "requires", "rule", "selectables", "snip", "testlist" or "xref" or an element from another namespace
/home/runner/work/mobile-device/mobile-device/output/effective.xml:4395:16: error: element "tests" not allowed anywhere; expected text, element "Guidance", "KMD", "TSS", "Tests", "_", "also", "assignable", "choice", "comment", "ctr", "depends", "endnote", "equation", "external-doc", "figure", "if-opt-app", "implements", "no-link", "no-tests", "provides", "refinement", "requires", "rule", "selectables", "snip", "testlist" or "xref" or an element from another namespace
/home/runner/work/mobile-device/mobile-device/output/effective.xml:4413:106: error: element "tests" not allowed anywhere; expected text, element "Guidance", "KMD", "TSS", "Tests", "_", "also", "assignable", "choice", "comment", "ctr", "depends", "endnote", "equation", "external-doc", "figure", "if-opt-app", "implements", "no-link", "no-tests", "provides", "refinement", "requires", "rule", "selectables", "snip", "testlist" or "xref" or an element from another namespace
/home/runner/work/mobile-device/mobile-device/output/effective.xml:4416:27: error: element "aactivity" incomplete; expected text, element "Guidance", "KMD", "TSS", "Tests", "_", "also", "assignable", "choice", "comment", "ctr", "depends", "endnote", "equation", "external-doc", "figure", "if-opt-app", "implements", "no-link", "no-tests", "provides", "refinement", "requires", "rule", "selectables", "snip", "testlist" or "xref" or an element from another namespace
/home/runner/work/mobile-device/mobile-device/output/effective.xml:4422:34: error: element "tests" not allowed anywhere; expected text, element "Guidance", "KMD", "TSS", "Tests", "_", "also", "assignable", "choice", "comment", "ctr", "depends", "endnote", "equation", "external-doc", "figure", "if-opt-app", "implements", "no-link", "no-tests", "provides", "refinement", "requires", "rule", "selectables", "snip", "testlist" or "xref" or an element from another namespace
/home/runner/work/mobile-device/mobile-device/output/effective.xml:4422:130: error: element "aactivity" incomplete; expected text, element "Guidance", "KMD", "TSS", "Tests", "_", "also", "assignable", "choice", "comment", "ctr", "depends", "endnote", "equation", "external-doc", "figure", "if-opt-app", "implements", "no-link", "no-tests", "provides", "refinement", "requires", "rule", "selectables", "snip", "testlist" or "xref" or an element from another namespace
/home/runner/work/mobile-device/mobile-device/output/effective.xml:4423:111: error: element "tss" not allowed anywhere; expected text, element "Guidance", "KMD", "TSS", "Tests", "_", "also", "assignable", "choice", "comment", "ctr", "depends", "endnote", "equation", "external-doc", "figure", "if-opt-app", "implements", "no-link", "no-tests", "provides", "refinement", "requires", "rule", "selectables", "snip", "testlist" or "xref" or an element from another namespace
/home/runner/work/mobile-device/mobile-device/output/effective.xml:4425:44: error: element "guidance" not allowed here; expected text, element "Guidance", "KMD", "TSS", "Tests", "_", "also", "assignable", "choice", "comment", "ctr", "depends", "endnote", "equation", "external-doc", "figure", "if-opt-app", "implements", "no-link", "no-tests", "provides", "refinement", "requires", "rule", "selectables", "snip", "testlist" or "xref" or an element from another namespace
/home/runner/work/mobile-device/mobile-device/output/effective.xml:4425:107: error: text not allowed here; expected element "ref-id"
/home/runner/work/mobile-device/mobile-device/output/effective.xml:4426:88: error: text not allowed here; expected element "ref-id"
/home/runner/work/mobile-device/mobile-device/output/effective.xml:4427:16: error: element "guidance" incomplete; missing required element "ref-id"
/home/runner/work/mobile-device/mobile-device/output/effective.xml:4427:23: error: element "tests" not allowed anywhere; expected text, element "Guidance", "KMD", "TSS", "Tests", "_", "also", "assignable", "choice", "comment", "ctr", "depends", "endnote", "equation", "external-doc", "figure", "if-opt-app", "implements", "no-link", "no-tests", "provides", "refinement", "requires", "rule", "selectables", "snip", "testlist" or "xref" or an element from another namespace
/home/runner/work/mobile-device/mobile-device/output/effective.xml:4430:94: error: element "aactivity" incomplete; expected text, element "Guidance", "KMD", "TSS", "Tests", "_", "also", "assignable", "choice", "comment", "ctr", "depends", "endnote", "equation", "external-doc", "figure", "if-opt-app", "implements", "no-link", "no-tests", "provides", "refinement", "requires", "rule", "selectables", "snip", "testlist" or "xref" or an element from another namespace
/home/runner/work/mobile-device/mobile-device/output/effective.xml:4431:50: error: element "na" not allowed anywhere; expected the element end-tag or element "M", "NA", "O", "aactivity" or "app-note"
/home/runner/work/mobile-device/mobile-device/output/effective.xml:4431:68: error: element "tests" not allowed anywhere; expected text, element "Guidance", "KMD", "TSS", "Tests", "_", "also", "assignable", "choice", "comment", "ctr", "depends", "endnote", "equation", "external-doc", "figure", "if-opt-app", "implements", "no-link", "no-tests", "provides", "refinement", "requires", "rule", "selectables", "snip", "testlist" or "xref" or an element from another namespace
/home/runner/work/mobile-device/mobile-device/output/effective.xml:4433:108: error: element "aactivity" incomplete; expected text, element "Guidance", "KMD", "TSS", "Tests", "_", "also", "assignable", "choice", "comment", "ctr", "depends", "endnote", "equation", "external-doc", "figure", "if-opt-app", "implements", "no-link", "no-tests", "provides", "refinement", "requires", "rule", "selectables", "snip", "testlist" or "xref" or an element from another namespace
/home/runner/work/mobile-device/mobile-device/output/effective.xml:4437:34: error: element "tests" not allowed anywhere; expected text, element "Guidance", "KMD", "TSS", "Tests", "_", "also", "assignable", "choice", "comment", "ctr", "depends", "endnote", "equation", "external-doc", "figure", "if-opt-app", "implements", "no-link", "no-tests", "provides", "refinement", "requires", "rule", "selectables", "snip", "testlist" or "xref" or an element from another namespace
/home/runner/work/mobile-device/mobile-device/output/effective.xml:4439:25: error: element "aactivity" incomplete; expected text, element "Guidance", "KMD", "TSS", "Tests", "_", "also", "assignable", "choice", "comment", "ctr", "depends", "endnote", "equation", "external-doc", "figure", "if-opt-app", "implements", "no-link", "no-tests", "provides", "refinement", "requires", "rule", "selectables", "snip", "testlist" or "xref" or an element from another namespace
/home/runner/work/mobile-device/mobile-device/output/effective.xml:4443:32: error: element "tss" not allowed anywhere; expected text, element "Guidance", "KMD", "TSS", "Tests", "_", "also", "assignable", "choice", "comment", "ctr", "depends", "endnote", "equation", "external-doc", "figure", "if-opt-app", "implements", "no-link", "no-tests", "provides", "refinement", "requires", "rule", "selectables", "snip", "testlist" or "xref" or an element from another namespace
/home/runner/work/mobile-device/mobile-device/output/effective.xml:4446:62: error: element "tests" not allowed anywhere; expected text, element "Guidance", "KMD", "TSS", "Tests", "_", "also", "assignable", "choice", "comment", "ctr", "depends", "endnote", "equation", "external-doc", "figure", "if-opt-app", "implements", "no-link", "no-tests", "provides", "refinement", "requires", "rule", "selectables", "snip", "testlist" or "xref" or an element from another namespace
/home/runner/work/mobile-device/mobile-device/output/effective.xml:4448:25: error: element "aactivity" incomplete; expected text, element "Guidance", "KMD", "TSS", "Tests", "_", "also", "assignable", "choice", "comment", "ctr", "depends", "endnote", "equation", "external-doc", "figure", "if-opt-app", "implements", "no-link", "no-tests", "provides", "refinement", "requires", "rule", "selectables", "snip", "testlist" or "xref" or an element from another namespace
/home/runner/work/mobile-device/mobile-device/output/effective.xml:4454:278: error: element "tss" not allowed anywhere; expected text, element "Guidance", "KMD", "TSS", "Tests", "_", "also", "assignable", "choice", "comment", "ctr", "depends", "endnote", "equation", "external-doc", "figure", "if-opt-app", "implements", "no-link", "no-tests", "provides", "refinement", "requires", "rule", "selectables", "snip", "testlist" or "xref" or an element from another namespace
/home/runner/work/mobile-device/mobile-device/output/effective.xml:4458:18: error: element "tests" not allowed anywhere; expected text, element "Guidance", "KMD", "TSS", "Tests", "_", "also", "assignable", "choice", "comment", "ctr", "depends", "endnote", "equation", "external-doc", "figure", "if-opt-app", "implements", "no-link", "no-tests", "provides", "refinement", "requires", "rule", "selectables", "snip", "testlist" or "xref" or an element from another namespace
/home/runner/work/mobile-device/mobile-device/output/effective.xml:4460:23: error: element "aactivity" incomplete; expected text, element "Guidance", "KMD", "TSS", "Tests", "_", "also", "assignable", "choice", "comment", "ctr", "depends", "endnote", "equation", "external-doc", "figure", "if-opt-app", "implements", "no-link", "no-tests", "provides", "refinement", "requires", "rule", "selectables", "snip", "testlist" or "xref" or an element from another namespace
/home/runner/work/mobile-device/mobile-device/output/effective.xml:4461:47: error: element "m" not allowed anywhere; expected the element end-tag or element "M", "NA", "O", "aactivity" or "app-note"
/home/runner/work/mobile-device/mobile-device/output/effective.xml:4461:60: error: element "na" not allowed anywhere; expected the element end-tag or element "M", "NA", "O", "aactivity" or "app-note"
/home/runner/work/mobile-device/mobile-device/output/effective.xml:4461:87: error: element "tss" not allowed anywhere; expected text, element "Guidance", "KMD", "TSS", "Tests", "_", "also", "assignable", "choice", "comment", "ctr", "depends", "endnote", "equation", "external-doc", "figure", "if-opt-app", "implements", "no-link", "no-tests", "provides", "refinement", "requires", "rule", "selectables", "snip", "testlist" or "xref" or an element from another namespace
/home/runner/work/mobile-device/mobile-device/output/effective.xml:4464:18: error: element "tests" not allowed anywhere; expected text, element "Guidance", "KMD", "TSS", "Tests", "_", "also", "assignable", "choice", "comment", "ctr", "depends", "endnote", "equation", "external-doc", "figure", "if-opt-app", "implements", "no-link", "no-tests", "provides", "refinement", "requires", "rule", "selectables", "snip", "testlist" or "xref" or an element from another namespace
/home/runner/work/mobile-device/mobile-device/output/effective.xml:4466:27: error: element "aactivity" incomplete; expected text, element "Guidance", "KMD", "TSS", "Tests", "_", "also", "assignable", "choice", "comment", "ctr", "depends", "endnote", "equation", "external-doc", "figure", "if-opt-app", "implements", "no-link", "no-tests", "provides", "refinement", "requires", "rule", "selectables", "snip", "testlist" or "xref" or an element from another namespace
/home/runner/work/mobile-device/mobile-device/output/effective.xml:4467:47: error: element "na" not allowed anywhere; expected the element end-tag or element "M", "NA", "O", "aactivity" or "app-note"
/home/runner/work/mobile-device/mobile-device/output/effective.xml:4470:36: error: element "tests" not allowed anywhere; expected text, element "Guidance", "KMD", "TSS", "Tests", "_", "also", "assignable", "choice", "comment", "ctr", "depends", "endnote", "equation", "external-doc", "figure", "if-opt-app", "implements", "no-link", "no-tests", "provides", "refinement", "requires", "rule", "selectables", "snip", "testlist" or "xref" or an element from another namespace
/home/runner/work/mobile-device/mobile-device/output/effective.xml:4470:125: error: element "aactivity" incomplete; expected text, element "Guidance", "KMD", "TSS", "Tests", "_", "also", "assignable", "choice", "comment", "ctr", "depends", "endnote", "equation", "external-doc", "figure", "if-opt-app", "implements", "no-link", "no-tests", "provides", "refinement", "requires", "rule", "selectables", "snip", "testlist" or "xref" or an element from another namespace
/home/runner/work/mobile-device/mobile-device/output/effective.xml:4471:74: error: element "tests" not allowed anywhere; expected text, element "Guidance", "KMD", "TSS", "Tests", "_", "also", "assignable", "choice", "comment", "ctr", "depends", "endnote", "equation", "external-doc", "figure", "if-opt-app", "implements", "no-link", "no-tests", "provides", "refinement", "requires", "rule", "selectables", "snip", "testlist" or "xref" or an element from another namespace
/home/runner/work/mobile-device/mobile-device/output/effective.xml:4471:169: error: element "aactivity" incomplete; expected text, element "Guidance", "KMD", "TSS", "Tests", "_", "also", "assignable", "choice", "comment", "ctr", "depends", "endnote", "equation", "external-doc", "figure", "if-opt-app", "implements", "no-link", "no-tests", "provides", "refinement", "requires", "rule", "selectables", "snip", "testlist" or "xref" or an element from another namespace
/home/runner/work/mobile-device/mobile-device/output/effective.xml:4472:81: error: element "tss" not allowed anywhere; expected text, element "Guidance", "KMD", "TSS", "Tests", "_", "also", "assignable", "choice", "comment", "ctr", "depends", "endnote", "equation", "external-doc", "figure", "if-opt-app", "implements", "no-link", "no-tests", "provides", "refinement", "requires", "rule", "selectables", "snip", "testlist" or "xref" or an element from another namespace
/home/runner/work/mobile-device/mobile-device/output/effective.xml:4474:56: error: element "tests" not allowed anywhere; expected text, element "Guidance", "KMD", "TSS", "Tests", "_", "also", "assignable", "choice", "comment", "ctr", "depends", "endnote", "equation", "external-doc", "figure", "if-opt-app", "implements", "no-link", "no-tests", "provides", "refinement", "requires", "rule", "selectables", "snip", "testlist" or "xref" or an element from another namespace
/home/runner/work/mobile-device/mobile-device/output/effective.xml:4488:82: error: element "tests" not allowed anywhere; expected text, element "Guidance", "KMD", "TSS", "Tests", "_", "also", "assignable", "choice", "comment", "ctr", "depends", "endnote", "equation", "external-doc", "figure", "if-opt-app", "implements", "no-link", "no-tests", "provides", "refinement", "requires", "rule", "selectables", "snip", "testlist" or "xref" or an element from another namespace
/home/runner/work/mobile-device/mobile-device/output/effective.xml:4488:102: error: element "aactivity" incomplete; expected text, element "Guidance", "KMD", "TSS", "Tests", "_", "also", "assignable", "choice", "comment", "ctr", "depends", "endnote", "equation", "external-doc", "figure", "if-opt-app", "implements", "no-link", "no-tests", "provides", "refinement", "requires", "rule", "selectables", "snip", "testlist" or "xref" or an element from another namespace
/home/runner/work/mobile-device/mobile-device/output/effective.xml:4488:633: error: element "tss" not allowed anywhere; expected text, element "Guidance", "KMD", "TSS", "Tests", "_", "also", "assignable", "choice", "comment", "ctr", "depends", "endnote", "equation", "external-doc", "figure", "if-opt-app", "implements", "no-link", "no-tests", "provides", "refinement", "requires", "rule", "selectables", "snip", "testlist" or "xref" or an element from another namespace
/home/runner/work/mobile-device/mobile-device/output/effective.xml:4492:76: error: element "tests" not allowed anywhere; expected text, element "Guidance", "KMD", "TSS", "Tests", "_", "also", "assignable", "choice", "comment", "ctr", "depends", "endnote", "equation", "external-doc", "figure", "if-opt-app", "implements", "no-link", "no-tests", "provides", "refinement", "requires", "rule", "selectables", "snip", "testlist" or "xref" or an element from another namespace
/home/runner/work/mobile-device/mobile-device/output/effective.xml:4492:110: error: element "tests" not allowed anywhere; expected text, element "Guidance", "KMD", "TSS", "Tests", "_", "also", "assignable", "choice", "comment", "ctr", "depends", "endnote", "equation", "external-doc", "figure", "if-opt-app", "implements", "no-link", "no-tests", "provides", "refinement", "requires", "rule", "selectables", "snip", "testlist" or "xref" or an element from another namespace
/home/runner/work/mobile-device/mobile-device/output/effective.xml:4495:65: error: element "tests" not allowed anywhere; expected text, element "Guidance", "KMD", "TSS", "Tests", "_", "also", "assignable", "choice", "comment", "ctr", "depends", "endnote", "equation", "external-doc", "figure", "if-opt-app", "implements", "no-link", "no-tests", "provides", "refinement", "requires", "rule", "selectables", "snip", "testlist" or "xref" or an element from another namespace
/home/runner/work/mobile-device/mobile-device/output/effective.xml:4495:74: error: element "tests" not allowed anywhere; expected text, element "Guidance", "KMD", "TSS", "Tests", "_", "also", "assignable", "choice", "comment", "ctr", "depends", "endnote", "equation", "external-doc", "figure", "if-opt-app", "implements", "no-link", "no-tests", "provides", "refinement", "requires", "rule", "selectables", "snip", "testlist" or "xref" or an element from another namespace
/home/runner/work/mobile-device/mobile-device/output/effective.xml:4497:40: error: element "tests" not allowed anywhere; expected text, element "Guidance", "KMD", "TSS", "Tests", "_", "also", "assignable", "choice", "comment", "ctr", "depends", "endnote", "equation", "external-doc", "figure", "if-opt-app", "implements", "no-link", "no-tests", "provides", "refinement", "requires", "rule", "selectables", "snip", "testlist" or "xref" or an element from another namespace
/home/runner/work/mobile-device/mobile-device/output/effective.xml:4502:30: error: element "tests" not allowed anywhere; expected text, element "Guidance", "KMD", "TSS", "Tests", "_", "also", "assignable", "choice", "comment", "ctr", "depends", "endnote", "equation", "external-doc", "figure", "if-opt-app", "implements", "no-link", "no-tests", "provides", "refinement", "requires", "rule", "selectables", "snip", "testlist" or "xref" or an element from another namespace
/home/runner/work/mobile-device/mobile-device/output/effective.xml:4502:39: error: element "tests" not allowed anywhere; expected text, element "Guidance", "KMD", "TSS", "Tests", "_", "also", "assignable", "choice", "comment", "ctr", "depends", "endnote", "equation", "external-doc", "figure", "if-opt-app", "implements", "no-link", "no-tests", "provides", "refinement", "requires", "rule", "selectables", "snip", "testlist" or "xref" or an element from another namespace
/home/runner/work/mobile-device/mobile-device/output/effective.xml:4504:40: error: element "tests" not allowed anywhere; expected text, element "Guidance", "KMD", "TSS", "Tests", "_", "also", "assignable", "choice", "comment", "ctr", "depends", "endnote", "equation", "external-doc", "figure", "if-opt-app", "implements", "no-link", "no-tests", "provides", "refinement", "requires", "rule", "selectables", "snip", "testlist" or "xref" or an element from another namespace
/home/runner/work/mobile-device/mobile-device/output/effective.xml:4508:85: error: element "tests" not allowed anywhere; expected text, element "Guidance", "KMD", "TSS", "Tests", "_", "also", "assignable", "choice", "comment", "ctr", "depends", "endnote", "equation", "external-doc", "figure", "if-opt-app", "implements", "no-link", "no-tests", "provides", "refinement", "requires", "rule", "selectables", "snip", "testlist" or "xref" or an element from another namespace
/home/runner/work/mobile-device/mobile-device/output/effective.xml:4508:94: error: element "tests" not allowed anywhere; expected text, element "Guidance", "KMD", "TSS", "Tests", "_", "also", "assignable", "choice", "comment", "ctr", "depends", "endnote", "equation", "external-doc", "figure", "if-opt-app", "implements", "no-link", "no-tests", "provides", "refinement", "requires", "rule", "selectables", "snip", "testlist" or "xref" or an element from another namespace
/home/runner/work/mobile-device/mobile-device/output/effective.xml:4510:35: error: element "tests" not allowed anywhere; expected text, element "Guidance", "KMD", "TSS", "Tests", "_", "also", "assignable", "choice", "comment", "ctr", "depends", "endnote", "equation", "external-doc", "figure", "if-opt-app", "implements", "no-link", "no-tests", "provides", "refinement", "requires", "rule", "selectables", "snip", "testlist" or "xref" or an element from another namespace
/home/runner/work/mobile-device/mobile-device/output/effective.xml:4515:27: error: element "aactivity" incomplete; expected text, element "Guidance", "KMD", "TSS", "Tests", "_", "also", "assignable", "choice", "comment", "ctr", "depends", "endnote", "equation", "external-doc", "figure", "if-opt-app", "implements", "no-link", "no-tests", "provides", "refinement", "requires", "rule", "selectables", "snip", "testlist" or "xref" or an element from another namespace
/home/runner/work/mobile-device/mobile-device/output/effective.xml:4520:32: error: element "tss" not allowed anywhere; expected text, element "Guidance", "KMD", "TSS", "Tests", "_", "also", "assignable", "choice", "comment", "ctr", "depends", "endnote", "equation", "external-doc", "figure", "if-opt-app", "implements", "no-link", "no-tests", "provides", "refinement", "requires", "rule", "selectables", "snip", "testlist" or "xref" or an element from another namespace
/home/runner/work/mobile-device/mobile-device/output/effective.xml:4522:104: error: element "tests" not allowed anywhere; expected text, element "Guidance", "KMD", "TSS", "Tests", "_", "also", "assignable", "choice", "comment", "ctr", "depends", "endnote", "equation", "external-doc", "figure", "if-opt-app", "implements", "no-link", "no-tests", "provides", "refinement", "requires", "rule", "selectables", "snip", "testlist" or "xref" or an element from another namespace
/home/runner/work/mobile-device/mobile-device/output/effective.xml:4523:53: error: element "tests" not allowed anywhere; expected text, element "Guidance", "KMD", "TSS", "Tests", "_", "also", "assignable", "choice", "comment", "ctr", "depends", "endnote", "equation", "external-doc", "figure", "if-opt-app", "implements", "no-link", "no-tests", "provides", "refinement", "requires", "rule", "selectables", "snip", "testlist" or "xref" or an element from another namespace
/home/runner/work/mobile-device/mobile-device/output/effective.xml:4530:41: error: element "tests" not allowed anywhere; expected text, element "Guidance", "KMD", "TSS", "Tests", "_", "also", "assignable", "choice", "comment", "ctr", "depends", "endnote", "equation", "external-doc", "figure", "if-opt-app", "implements", "no-link", "no-tests", "provides", "refinement", "requires", "rule", "selectables", "snip", "testlist" or "xref" or an element from another namespace
/home/runner/work/mobile-device/mobile-device/output/effective.xml:4530:61: error: element "aactivity" incomplete; expected text, element "Guidance", "KMD", "TSS", "Tests", "_", "also", "assignable", "choice", "comment", "ctr", "depends", "endnote", "equation", "external-doc", "figure", "if-opt-app", "implements", "no-link", "no-tests", "provides", "refinement", "requires", "rule", "selectables", "snip", "testlist" or "xref" or an element from another namespace
/home/runner/work/mobile-device/mobile-device/output/effective.xml:4533:34: error: element "tests" not allowed anywhere; expected text, element "Guidance", "KMD", "TSS", "Tests", "_", "also", "assignable", "choice", "comment", "ctr", "depends", "endnote", "equation", "external-doc", "figure", "if-opt-app", "implements", "no-link", "no-tests", "provides", "refinement", "requires", "rule", "selectables", "snip", "testlist" or "xref" or an element from another namespace
/home/runner/work/mobile-device/mobile-device/output/effective.xml:4533:129: error: element "aactivity" incomplete; expected text, element "Guidance", "KMD", "TSS", "Tests", "_", "also", "assignable", "choice", "comment", "ctr", "depends", "endnote", "equation", "external-doc", "figure", "if-opt-app", "implements", "no-link", "no-tests", "provides", "refinement", "requires", "rule", "selectables", "snip", "testlist" or "xref" or an element from another namespace
/home/runner/work/mobile-device/mobile-device/output/effective.xml:4535:65: error: element "tests" not allowed anywhere; expected text, element "Guidance", "KMD", "TSS", "Tests", "_", "also", "assignable", "choice", "comment", "ctr", "depends", "endnote", "equation", "external-doc", "figure", "if-opt-app", "implements", "no-link", "no-tests", "provides", "refinement", "requires", "rule", "selectables", "snip", "testlist" or "xref" or an element from another namespace
/home/runner/work/mobile-device/mobile-device/output/effective.xml:4539:27: error: element "aactivity" incomplete; expected text, element "Guidance", "KMD", "TSS", "Tests", "_", "also", "assignable", "choice", "comment", "ctr", "depends", "endnote", "equation", "external-doc", "figure", "if-opt-app", "implements", "no-link", "no-tests", "provides", "refinement", "requires", "rule", "selectables", "snip", "testlist" or "xref" or an element from another namespace
/home/runner/work/mobile-device/mobile-device/output/effective.xml:4544:34: error: element "tests" not allowed anywhere; expected text, element "Guidance", "KMD", "TSS", "Tests", "_", "also", "assignable", "choice", "comment", "ctr", "depends", "endnote", "equation", "external-doc", "figure", "if-opt-app", "implements", "no-link", "no-tests", "provides", "refinement", "requires", "rule", "selectables", "snip", "testlist" or "xref" or an element from another namespace
/home/runner/work/mobile-device/mobile-device/output/effective.xml:4547:27: error: element "aactivity" incomplete; expected text, element "Guidance", "KMD", "TSS", "Tests", "_", "also", "assignable", "choice", "comment", "ctr", "depends", "endnote", "equation", "external-doc", "figure", "if-opt-app", "implements", "no-link", "no-tests", "provides", "refinement", "requires", "rule", "selectables", "snip", "testlist" or "xref" or an element from another namespace
/home/runner/work/mobile-device/mobile-device/output/effective.xml:4557:32: error: element "tss" not allowed anywhere; expected text, element "Guidance", "KMD", "TSS", "Tests", "_", "also", "assignable", "choice", "comment", "ctr", "depends", "endnote", "equation", "external-doc", "figure", "if-opt-app", "implements", "no-link", "no-tests", "provides", "refinement", "requires", "rule", "selectables", "snip", "testlist" or "xref" or an element from another namespace
/home/runner/work/mobile-device/mobile-device/output/effective.xml:4559:18: error: element "tests" not allowed anywhere; expected text, element "Guidance", "KMD", "TSS", "Tests", "_", "also", "assignable", "choice", "comment", "ctr", "depends", "endnote", "equation", "external-doc", "figure", "if-opt-app", "implements", "no-link", "no-tests", "provides", "refinement", "requires", "rule", "selectables", "snip", "testlist" or "xref" or an element from another namespace
/home/runner/work/mobile-device/mobile-device/output/effective.xml:4573:69: error: element "tests" not allowed anywhere; expected text, element "Guidance", "KMD", "TSS", "Tests", "_", "also", "assignable", "choice", "comment", "ctr", "depends", "endnote", "equation", "external-doc", "figure", "if-opt-app", "implements", "no-link", "no-tests", "provides", "refinement", "requires", "rule", "selectables", "snip", "testlist" or "xref" or an element from another namespace
/home/runner/work/mobile-device/mobile-device/output/effective.xml:4573:89: error: element "aactivity" incomplete; expected text, element "Guidance", "KMD", "TSS", "Tests", "_", "also", "assignable", "choice", "comment", "ctr", "depends", "endnote", "equation", "external-doc", "figure", "if-opt-app", "implements", "no-link", "no-tests", "provides", "refinement", "requires", "rule", "selectables", "snip", "testlist" or "xref" or an element from another namespace
/home/runner/work/mobile-device/mobile-device/output/effective.xml:4574:50: error: element "tss" not allowed anywhere; expected text, element "Guidance", "KMD", "TSS", "Tests", "_", "also", "assignable", "choice", "comment", "ctr", "depends", "endnote", "equation", "external-doc", "figure", "if-opt-app", "implements", "no-link", "no-tests", "provides", "refinement", "requires", "rule", "selectables", "snip", "testlist" or "xref" or an element from another namespace
/home/runner/work/mobile-device/mobile-device/output/effective.xml:4576:18: error: element "tests" not allowed anywhere; expected text, element "Guidance", "KMD", "TSS", "Tests", "_", "also", "assignable", "choice", "comment", "ctr", "depends", "endnote", "equation", "external-doc", "figure", "if-opt-app", "implements", "no-link", "no-tests", "provides", "refinement", "requires", "rule", "selectables", "snip", "testlist" or "xref" or an element from another namespace
/home/runner/work/mobile-device/mobile-device/output/effective.xml:4581:25: error: element "aactivity" incomplete; expected text, element "Guidance", "KMD", "TSS", "Tests", "_", "also", "assignable", "choice", "comment", "ctr", "depends", "endnote", "equation", "external-doc", "figure", "if-opt-app", "implements", "no-link", "no-tests", "provides", "refinement", "requires", "rule", "selectables", "snip", "testlist" or "xref" or an element from another namespace
/home/runner/work/mobile-device/mobile-device/output/effective.xml:4582:58: error: element "tss" not allowed anywhere; expected text, element "Guidance", "KMD", "TSS", "Tests", "_", "also", "assignable", "choice", "comment", "ctr", "depends", "endnote", "equation", "external-doc", "figure", "if-opt-app", "implements", "no-link", "no-tests", "provides", "refinement", "requires", "rule", "selectables", "snip", "testlist" or "xref" or an element from another namespace
/home/runner/work/mobile-device/mobile-device/output/effective.xml:4585:18: error: element "tests" not allowed anywhere; expected text, element "Guidance", "KMD", "TSS", "Tests", "_", "also", "assignable", "choice", "comment", "ctr", "depends", "endnote", "equation", "external-doc", "figure", "if-opt-app", "implements", "no-link", "no-tests", "provides", "refinement", "requires", "rule", "selectables", "snip", "testlist" or "xref" or an element from another namespace
/home/runner/work/mobile-device/mobile-device/output/effective.xml:4588:27: error: element "aactivity" incomplete; expected text, element "Guidance", "KMD", "TSS", "Tests", "_", "also", "assignable", "choice", "comment", "ctr", "depends", "endnote", "equation", "external-doc", "figure", "if-opt-app", "implements", "no-link", "no-tests", "provides", "refinement", "requires", "rule", "selectables", "snip", "testlist" or "xref" or an element from another namespace
/home/runner/work/mobile-device/mobile-device/output/effective.xml:5374:41: error: element "aactivity" incomplete; expected text, element "Guidance", "KMD", "TSS", "Tests", "_", "also", "assignable", "choice", "comment", "ctr", "depends", "endnote", "equation", "external-doc", "figure", "if-opt-app", "implements", "no-link", "no-tests", "provides", "refinement", "requires", "rule", "selectables", "snip", "testlist" or "xref" or an element from another namespace
