/home/runner/work/mobile-device/mobile-device/input/mobile-device.xml:340:14: error: element "SO" incomplete; missing required element "addressed-by"
/home/runner/work/mobile-device/mobile-device/input/mobile-device.xml:2841:41: error: element "aactivity" incomplete; expected text, element "Guidance", "KMD", "TSS", "Tests", "_", "also", "assignable", "choice", "comment", "ctr", "depends", "endnote", "equation", "external-doc", "figure", "if-opt-app", "implements", "no-link", "no-tests", "provides", "refinement", "requires", "rule", "selectables", "snip", "testlist" or "xref" or an element from another namespace
/home/runner/work/mobile-device/mobile-device/input/mobile-device.xml:3935:32: error: element "title" not allowed here; expected the element end-tag, text, element "_", "assignable", "choice", "comment", "ctr", "depends", "endnote", "equation", "external-doc", "figure", "if-opt-app", "implements", "management-function-set", "no-link", "provides", "refinement", "requires", "rule", "selectables", "snip", "testlist" or "xref" or an element from another namespace
/home/runner/work/mobile-device/mobile-device/input/mobile-device.xml:3937:184: error: element "m" not allowed anywhere; expected the element end-tag or element "M", "NA", "O", "aactivity" or "app-note"
/home/runner/work/mobile-device/mobile-device/input/mobile-device.xml:3937:200: error: element "na" not allowed anywhere; expected the element end-tag or element "M", "NA", "O", "aactivity" or "app-note"
/home/runner/work/mobile-device/mobile-device/input/mobile-device.xml:3937:216: error: element "m" not allowed anywhere; expected the element end-tag or element "M", "NA", "O", "aactivity" or "app-note"
/home/runner/work/mobile-device/mobile-device/input/mobile-device.xml:3937:232: error: element "m" not allowed anywhere; expected the element end-tag or element "M", "NA", "O", "aactivity" or "app-note"
/home/runner/work/mobile-device/mobile-device/input/mobile-device.xml:3937:252: error: element "tss" not allowed anywhere; expected text, element "Guidance", "KMD", "TSS", "Tests", "_", "also", "assignable", "choice", "comment", "ctr", "depends", "endnote", "equation", "external-doc", "figure", "if-opt-app", "implements", "no-link", "no-tests", "provides", "refinement", "requires", "rule", "selectables", "snip", "testlist" or "xref" or an element from another namespace
/home/runner/work/mobile-device/mobile-device/input/mobile-device.xml:3941:91: error: element "tests" not allowed anywhere; expected text, element "Guidance", "KMD", "TSS", "Tests", "_", "also", "assignable", "choice", "comment", "ctr", "depends", "endnote", "equation", "external-doc", "figure", "if-opt-app", "implements", "no-link", "no-tests", "provides", "refinement", "requires", "rule", "selectables", "snip", "testlist" or "xref" or an element from another namespace
/home/runner/work/mobile-device/mobile-device/input/mobile-device.xml:3944:83: error: element "tests" not allowed anywhere; expected text, element "Guidance", "KMD", "TSS", "Tests", "_", "also", "assignable", "choice", "comment", "ctr", "depends", "endnote", "equation", "external-doc", "figure", "if-opt-app", "implements", "no-link", "no-tests", "provides", "refinement", "requires", "rule", "selectables", "snip", "testlist" or "xref" or an element from another namespace
/home/runner/work/mobile-device/mobile-device/input/mobile-device.xml:3944:226: error: element "tests" not allowed anywhere; expected text, element "Guidance", "KMD", "TSS", "Tests", "_", "also", "assignable", "choice", "comment", "ctr", "depends", "endnote", "equation", "external-doc", "figure", "if-opt-app", "implements", "no-link", "no-tests", "provides", "refinement", "requires", "rule", "selectables", "snip", "testlist" or "xref" or an element from another namespace
/home/runner/work/mobile-device/mobile-device/input/mobile-device.xml:3944:246: error: element "aactivity" incomplete; expected text, element "Guidance", "KMD", "TSS", "Tests", "_", "also", "assignable", "choice", "comment", "ctr", "depends", "endnote", "equation", "external-doc", "figure", "if-opt-app", "implements", "no-link", "no-tests", "provides", "refinement", "requires", "rule", "selectables", "snip", "testlist" or "xref" or an element from another namespace
/home/runner/work/mobile-device/mobile-device/input/mobile-device.xml:3945:204: error: element "m" not allowed anywhere; expected the element end-tag or element "M", "NA", "O", "aactivity" or "app-note"
/home/runner/work/mobile-device/mobile-device/input/mobile-device.xml:3945:220: error: element "na" not allowed anywhere; expected the element end-tag or element "M", "NA", "O", "aactivity" or "app-note"
/home/runner/work/mobile-device/mobile-device/input/mobile-device.xml:3945:236: error: element "m" not allowed anywhere; expected the element end-tag or element "M", "NA", "O", "aactivity" or "app-note"
/home/runner/work/mobile-device/mobile-device/input/mobile-device.xml:3945:252: error: element "m" not allowed anywhere; expected the element end-tag or element "M", "NA", "O", "aactivity" or "app-note"
/home/runner/work/mobile-device/mobile-device/input/mobile-device.xml:3945:272: error: element "tss" not allowed anywhere; expected text, element "Guidance", "KMD", "TSS", "Tests", "_", "also", "assignable", "choice", "comment", "ctr", "depends", "endnote", "equation", "external-doc", "figure", "if-opt-app", "implements", "no-link", "no-tests", "provides", "refinement", "requires", "rule", "selectables", "snip", "testlist" or "xref" or an element from another namespace
/home/runner/work/mobile-device/mobile-device/input/mobile-device.xml:3947:102: error: element "tests" not allowed anywhere; expected text, element "Guidance", "KMD", "TSS", "Tests", "_", "also", "assignable", "choice", "comment", "ctr", "depends", "endnote", "equation", "external-doc", "figure", "if-opt-app", "implements", "no-link", "no-tests", "provides", "refinement", "requires", "rule", "selectables", "snip", "testlist" or "xref" or an element from another namespace
/home/runner/work/mobile-device/mobile-device/input/mobile-device.xml:3949:103: error: element "tests" not allowed anywhere; expected text, element "Guidance", "KMD", "TSS", "Tests", "_", "also", "assignable", "choice", "comment", "ctr", "depends", "endnote", "equation", "external-doc", "figure", "if-opt-app", "implements", "no-link", "no-tests", "provides", "refinement", "requires", "rule", "selectables", "snip", "testlist" or "xref" or an element from another namespace
/home/runner/work/mobile-device/mobile-device/input/mobile-device.xml:3950:57: error: element "tests" not allowed anywhere; expected text, element "Guidance", "KMD", "TSS", "Tests", "_", "also", "assignable", "choice", "comment", "ctr", "depends", "endnote", "equation", "external-doc", "figure", "if-opt-app", "implements", "no-link", "no-tests", "provides", "refinement", "requires", "rule", "selectables", "snip", "testlist" or "xref" or an element from another namespace
/home/runner/work/mobile-device/mobile-device/input/mobile-device.xml:3950:77: error: element "aactivity" incomplete; expected text, element "Guidance", "KMD", "TSS", "Tests", "_", "also", "assignable", "choice", "comment", "ctr", "depends", "endnote", "equation", "external-doc", "figure", "if-opt-app", "implements", "no-link", "no-tests", "provides", "refinement", "requires", "rule", "selectables", "snip", "testlist" or "xref" or an element from another namespace
/home/runner/work/mobile-device/mobile-device/input/mobile-device.xml:3951:388: error: element "m" not allowed anywhere; expected the element end-tag or element "M", "NA", "O", "aactivity" or "app-note"
/home/runner/work/mobile-device/mobile-device/input/mobile-device.xml:3970:42: error: element "tests" not allowed anywhere; expected text, element "Guidance", "KMD", "TSS", "Tests", "_", "also", "assignable", "choice", "comment", "ctr", "depends", "endnote", "equation", "external-doc", "figure", "if-opt-app", "implements", "no-link", "no-tests", "provides", "refinement", "requires", "rule", "selectables", "snip", "testlist" or "xref" or an element from another namespace
/home/runner/work/mobile-device/mobile-device/input/mobile-device.xml:3990:41: error: element "tests" not allowed anywhere; expected text, element "Guidance", "KMD", "TSS", "Tests", "_", "also", "assignable", "choice", "comment", "ctr", "depends", "endnote", "equation", "external-doc", "figure", "if-opt-app", "implements", "no-link", "no-tests", "provides", "refinement", "requires", "rule", "selectables", "snip", "testlist" or "xref" or an element from another namespace
/home/runner/work/mobile-device/mobile-device/input/mobile-device.xml:3990:61: error: element "aactivity" incomplete; expected text, element "Guidance", "KMD", "TSS", "Tests", "_", "also", "assignable", "choice", "comment", "ctr", "depends", "endnote", "equation", "external-doc", "figure", "if-opt-app", "implements", "no-link", "no-tests", "provides", "refinement", "requires", "rule", "selectables", "snip", "testlist" or "xref" or an element from another namespace
/home/runner/work/mobile-device/mobile-device/input/mobile-device.xml:3991:101: error: element "m" not allowed anywhere; expected the element end-tag or element "M", "NA", "O", "aactivity" or "app-note"
/home/runner/work/mobile-device/mobile-device/input/mobile-device.xml:4001:48: error: element "tss" not allowed anywhere; expected text, element "Guidance", "KMD", "TSS", "Tests", "_", "also", "assignable", "choice", "comment", "ctr", "depends", "endnote", "equation", "external-doc", "figure", "if-opt-app", "implements", "no-link", "no-tests", "provides", "refinement", "requires", "rule", "selectables", "snip", "testlist" or "xref" or an element from another namespace
/home/runner/work/mobile-device/mobile-device/input/mobile-device.xml:4009:21: error: element "guidance" not allowed here; expected text, element "Guidance", "KMD", "TSS", "Tests", "_", "also", "assignable", "choice", "comment", "ctr", "depends", "endnote", "equation", "external-doc", "figure", "if-opt-app", "implements", "no-link", "no-tests", "provides", "refinement", "requires", "rule", "selectables", "snip", "testlist" or "xref" or an element from another namespace
/home/runner/work/mobile-device/mobile-device/input/mobile-device.xml:4010:78: error: text not allowed here; expected element "ref-id"
/home/runner/work/mobile-device/mobile-device/input/mobile-device.xml:4011:77: error: text not allowed here; expected element "ref-id"
/home/runner/work/mobile-device/mobile-device/input/mobile-device.xml:4011:85: error: element "htm:br" not allowed yet; missing required element "ref-id"
/home/runner/work/mobile-device/mobile-device/input/mobile-device.xml:4011:129: error: element "tests" not allowed anywhere; expected text, element "Guidance", "KMD", "TSS", "Tests", "_", "also", "assignable", "choice", "comment", "ctr", "depends", "endnote", "equation", "external-doc", "figure", "if-opt-app", "implements", "no-link", "no-tests", "provides", "refinement", "requires", "rule", "selectables", "snip", "testlist" or "xref" or an element from another namespace
/home/runner/work/mobile-device/mobile-device/input/mobile-device.xml:4015:52: error: element "tests" not allowed anywhere; expected text, element "Guidance", "KMD", "TSS", "Tests", "_", "also", "assignable", "choice", "comment", "ctr", "depends", "endnote", "equation", "external-doc", "figure", "if-opt-app", "implements", "no-link", "no-tests", "provides", "refinement", "requires", "rule", "selectables", "snip", "testlist" or "xref" or an element from another namespace
/home/runner/work/mobile-device/mobile-device/input/mobile-device.xml:4015:69: error: element "tests" not allowed anywhere; expected text, element "Guidance", "KMD", "TSS", "Tests", "_", "also", "assignable", "choice", "comment", "ctr", "depends", "endnote", "equation", "external-doc", "figure", "if-opt-app", "implements", "no-link", "no-tests", "provides", "refinement", "requires", "rule", "selectables", "snip", "testlist" or "xref" or an element from another namespace
/home/runner/work/mobile-device/mobile-device/input/mobile-device.xml:4016:78: error: element "tests" not allowed anywhere; expected text, element "Guidance", "KMD", "TSS", "Tests", "_", "also", "assignable", "choice", "comment", "ctr", "depends", "endnote", "equation", "external-doc", "figure", "if-opt-app", "implements", "no-link", "no-tests", "provides", "refinement", "requires", "rule", "selectables", "snip", "testlist" or "xref" or an element from another namespace
/home/runner/work/mobile-device/mobile-device/input/mobile-device.xml:4016:95: error: element "tests" not allowed anywhere; expected text, element "Guidance", "KMD", "TSS", "Tests", "_", "also", "assignable", "choice", "comment", "ctr", "depends", "endnote", "equation", "external-doc", "figure", "if-opt-app", "implements", "no-link", "no-tests", "provides", "refinement", "requires", "rule", "selectables", "snip", "testlist" or "xref" or an element from another namespace
/home/runner/work/mobile-device/mobile-device/input/mobile-device.xml:4020:98: error: element "tests" not allowed anywhere; expected text, element "Guidance", "KMD", "TSS", "Tests", "_", "also", "assignable", "choice", "comment", "ctr", "depends", "endnote", "equation", "external-doc", "figure", "if-opt-app", "implements", "no-link", "no-tests", "provides", "refinement", "requires", "rule", "selectables", "snip", "testlist" or "xref" or an element from another namespace
/home/runner/work/mobile-device/mobile-device/input/mobile-device.xml:4020:115: error: element "tests" not allowed anywhere; expected text, element "Guidance", "KMD", "TSS", "Tests", "_", "also", "assignable", "choice", "comment", "ctr", "depends", "endnote", "equation", "external-doc", "figure", "if-opt-app", "implements", "no-link", "no-tests", "provides", "refinement", "requires", "rule", "selectables", "snip", "testlist" or "xref" or an element from another namespace
/home/runner/work/mobile-device/mobile-device/input/mobile-device.xml:4023:42: error: element "tests" not allowed anywhere; expected text, element "Guidance", "KMD", "TSS", "Tests", "_", "also", "assignable", "choice", "comment", "ctr", "depends", "endnote", "equation", "external-doc", "figure", "if-opt-app", "implements", "no-link", "no-tests", "provides", "refinement", "requires", "rule", "selectables", "snip", "testlist" or "xref" or an element from another namespace
/home/runner/work/mobile-device/mobile-device/input/mobile-device.xml:4029:99: error: element "tests" not allowed anywhere; expected text, element "Guidance", "KMD", "TSS", "Tests", "_", "also", "assignable", "choice", "comment", "ctr", "depends", "endnote", "equation", "external-doc", "figure", "if-opt-app", "implements", "no-link", "no-tests", "provides", "refinement", "requires", "rule", "selectables", "snip", "testlist" or "xref" or an element from another namespace
/home/runner/work/mobile-device/mobile-device/input/mobile-device.xml:4029:116: error: element "tests" not allowed anywhere; expected text, element "Guidance", "KMD", "TSS", "Tests", "_", "also", "assignable", "choice", "comment", "ctr", "depends", "endnote", "equation", "external-doc", "figure", "if-opt-app", "implements", "no-link", "no-tests", "provides", "refinement", "requires", "rule", "selectables", "snip", "testlist" or "xref" or an element from another namespace
/home/runner/work/mobile-device/mobile-device/input/mobile-device.xml:4034:78: error: element "tests" not allowed anywhere; expected text, element "Guidance", "KMD", "TSS", "Tests", "_", "also", "assignable", "choice", "comment", "ctr", "depends", "endnote", "equation", "external-doc", "figure", "if-opt-app", "implements", "no-link", "no-tests", "provides", "refinement", "requires", "rule", "selectables", "snip", "testlist" or "xref" or an element from another namespace
/home/runner/work/mobile-device/mobile-device/input/mobile-device.xml:4034:95: error: element "tests" not allowed anywhere; expected text, element "Guidance", "KMD", "TSS", "Tests", "_", "also", "assignable", "choice", "comment", "ctr", "depends", "endnote", "equation", "external-doc", "figure", "if-opt-app", "implements", "no-link", "no-tests", "provides", "refinement", "requires", "rule", "selectables", "snip", "testlist" or "xref" or an element from another namespace
/home/runner/work/mobile-device/mobile-device/input/mobile-device.xml:4042:85: error: element "tests" not allowed anywhere; expected text, element "Guidance", "KMD", "TSS", "Tests", "_", "also", "assignable", "choice", "comment", "ctr", "depends", "endnote", "equation", "external-doc", "figure", "if-opt-app", "implements", "no-link", "no-tests", "provides", "refinement", "requires", "rule", "selectables", "snip", "testlist" or "xref" or an element from another namespace
/home/runner/work/mobile-device/mobile-device/input/mobile-device.xml:4042:102: error: element "tests" not allowed anywhere; expected text, element "Guidance", "KMD", "TSS", "Tests", "_", "also", "assignable", "choice", "comment", "ctr", "depends", "endnote", "equation", "external-doc", "figure", "if-opt-app", "implements", "no-link", "no-tests", "provides", "refinement", "requires", "rule", "selectables", "snip", "testlist" or "xref" or an element from another namespace
/home/runner/work/mobile-device/mobile-device/input/mobile-device.xml:4056:23: error: element "aactivity" incomplete; expected text, element "Guidance", "KMD", "TSS", "Tests", "_", "also", "assignable", "choice", "comment", "ctr", "depends", "endnote", "equation", "external-doc", "figure", "if-opt-app", "implements", "no-link", "no-tests", "provides", "refinement", "requires", "rule", "selectables", "snip", "testlist" or "xref" or an element from another namespace
/home/runner/work/mobile-device/mobile-device/input/mobile-device.xml:4057:486: error: element "m" not allowed anywhere; expected the element end-tag or element "M", "NA", "O", "aactivity" or "app-note"
/home/runner/work/mobile-device/mobile-device/input/mobile-device.xml:4076:43: error: element "tss" not allowed anywhere; expected text, element "Guidance", "KMD", "TSS", "Tests", "_", "also", "assignable", "choice", "comment", "ctr", "depends", "endnote", "equation", "external-doc", "figure", "if-opt-app", "implements", "no-link", "no-tests", "provides", "refinement", "requires", "rule", "selectables", "snip", "testlist" or "xref" or an element from another namespace
/home/runner/work/mobile-device/mobile-device/input/mobile-device.xml:4082:18: error: element "tests" not allowed anywhere; expected text, element "Guidance", "KMD", "TSS", "Tests", "_", "also", "assignable", "choice", "comment", "ctr", "depends", "endnote", "equation", "external-doc", "figure", "if-opt-app", "implements", "no-link", "no-tests", "provides", "refinement", "requires", "rule", "selectables", "snip", "testlist" or "xref" or an element from another namespace
/home/runner/work/mobile-device/mobile-device/input/mobile-device.xml:4103:59: error: element "tests" not allowed anywhere; expected text, element "Guidance", "KMD", "TSS", "Tests", "_", "also", "assignable", "choice", "comment", "ctr", "depends", "endnote", "equation", "external-doc", "figure", "if-opt-app", "implements", "no-link", "no-tests", "provides", "refinement", "requires", "rule", "selectables", "snip", "testlist" or "xref" or an element from another namespace
/home/runner/work/mobile-device/mobile-device/input/mobile-device.xml:4103:79: error: element "aactivity" incomplete; expected text, element "Guidance", "KMD", "TSS", "Tests", "_", "also", "assignable", "choice", "comment", "ctr", "depends", "endnote", "equation", "external-doc", "figure", "if-opt-app", "implements", "no-link", "no-tests", "provides", "refinement", "requires", "rule", "selectables", "snip", "testlist" or "xref" or an element from another namespace
/home/runner/work/mobile-device/mobile-device/input/mobile-device.xml:4104:45: error: element "m" not allowed anywhere; expected the element end-tag or element "M", "NA", "O", "aactivity" or "app-note"
/home/runner/work/mobile-device/mobile-device/input/mobile-device.xml:4104:61: error: element "na" not allowed anywhere; expected the element end-tag or element "M", "NA", "O", "aactivity" or "app-note"
/home/runner/work/mobile-device/mobile-device/input/mobile-device.xml:4104:77: error: element "m" not allowed anywhere; expected the element end-tag or element "M", "NA", "O", "aactivity" or "app-note"
/home/runner/work/mobile-device/mobile-device/input/mobile-device.xml:4104:94: error: element "na" not allowed anywhere; expected the element end-tag or element "M", "NA", "O", "aactivity" or "app-note"
/home/runner/work/mobile-device/mobile-device/input/mobile-device.xml:4104:117: error: element "tests" not allowed anywhere; expected text, element "Guidance", "KMD", "TSS", "Tests", "_", "also", "assignable", "choice", "comment", "ctr", "depends", "endnote", "equation", "external-doc", "figure", "if-opt-app", "implements", "no-link", "no-tests", "provides", "refinement", "requires", "rule", "selectables", "snip", "testlist" or "xref" or an element from another namespace
/home/runner/work/mobile-device/mobile-device/input/mobile-device.xml:4109:27: error: element "aactivity" incomplete; expected text, element "Guidance", "KMD", "TSS", "Tests", "_", "also", "assignable", "choice", "comment", "ctr", "depends", "endnote", "equation", "external-doc", "figure", "if-opt-app", "implements", "no-link", "no-tests", "provides", "refinement", "requires", "rule", "selectables", "snip", "testlist" or "xref" or an element from another namespace
/home/runner/work/mobile-device/mobile-device/input/mobile-device.xml:4109:135: error: element "m" not allowed anywhere; expected the element end-tag or element "M", "NA", "O", "aactivity" or "app-note"
/home/runner/work/mobile-device/mobile-device/input/mobile-device.xml:4109:151: error: element "na" not allowed anywhere; expected the element end-tag or element "M", "NA", "O", "aactivity" or "app-note"
/home/runner/work/mobile-device/mobile-device/input/mobile-device.xml:4109:167: error: element "m" not allowed anywhere; expected the element end-tag or element "M", "NA", "O", "aactivity" or "app-note"
/home/runner/work/mobile-device/mobile-device/input/mobile-device.xml:4109:184: error: element "na" not allowed anywhere; expected the element end-tag or element "M", "NA", "O", "aactivity" or "app-note"
/home/runner/work/mobile-device/mobile-device/input/mobile-device.xml:4113:88: error: element "tests" not allowed anywhere; expected text, element "Guidance", "KMD", "TSS", "Tests", "_", "also", "assignable", "choice", "comment", "ctr", "depends", "endnote", "equation", "external-doc", "figure", "if-opt-app", "implements", "no-link", "no-tests", "provides", "refinement", "requires", "rule", "selectables", "snip", "testlist" or "xref" or an element from another namespace
/home/runner/work/mobile-device/mobile-device/input/mobile-device.xml:4114:147: error: element "aactivity" incomplete; expected text, element "Guidance", "KMD", "TSS", "Tests", "_", "also", "assignable", "choice", "comment", "ctr", "depends", "endnote", "equation", "external-doc", "figure", "if-opt-app", "implements", "no-link", "no-tests", "provides", "refinement", "requires", "rule", "selectables", "snip", "testlist" or "xref" or an element from another namespace
/home/runner/work/mobile-device/mobile-device/input/mobile-device.xml:4116:266: error: element "m" not allowed anywhere; expected the element end-tag or element "M", "NA", "O", "aactivity" or "app-note"
/home/runner/work/mobile-device/mobile-device/input/mobile-device.xml:4116:282: error: element "na" not allowed anywhere; expected the element end-tag or element "M", "NA", "O", "aactivity" or "app-note"
/home/runner/work/mobile-device/mobile-device/input/mobile-device.xml:4116:298: error: element "m" not allowed anywhere; expected the element end-tag or element "M", "NA", "O", "aactivity" or "app-note"
/home/runner/work/mobile-device/mobile-device/input/mobile-device.xml:4116:314: error: element "m" not allowed anywhere; expected the element end-tag or element "M", "NA", "O", "aactivity" or "app-note"
/home/runner/work/mobile-device/mobile-device/input/mobile-device.xml:4127:148: error: element "tss" not allowed anywhere; expected text, element "Guidance", "KMD", "TSS", "Tests", "_", "also", "assignable", "choice", "comment", "ctr", "depends", "endnote", "equation", "external-doc", "figure", "if-opt-app", "implements", "no-link", "no-tests", "provides", "refinement", "requires", "rule", "selectables", "snip", "testlist" or "xref" or an element from another namespace
/home/runner/work/mobile-device/mobile-device/input/mobile-device.xml:4131:57: error: element "tss" not allowed anywhere; expected text, element "Guidance", "KMD", "TSS", "Tests", "_", "also", "assignable", "choice", "comment", "ctr", "depends", "endnote", "equation", "external-doc", "figure", "if-opt-app", "implements", "no-link", "no-tests", "provides", "refinement", "requires", "rule", "selectables", "snip", "testlist" or "xref" or an element from another namespace
/home/runner/work/mobile-device/mobile-device/input/mobile-device.xml:4134:16: error: element "tests" not allowed anywhere; expected text, element "Guidance", "KMD", "TSS", "Tests", "_", "also", "assignable", "choice", "comment", "ctr", "depends", "endnote", "equation", "external-doc", "figure", "if-opt-app", "implements", "no-link", "no-tests", "provides", "refinement", "requires", "rule", "selectables", "snip", "testlist" or "xref" or an element from another namespace
/home/runner/work/mobile-device/mobile-device/input/mobile-device.xml:4145:41: error: element "tests" not allowed anywhere; expected text, element "Guidance", "KMD", "TSS", "Tests", "_", "also", "assignable", "choice", "comment", "ctr", "depends", "endnote", "equation", "external-doc", "figure", "if-opt-app", "implements", "no-link", "no-tests", "provides", "refinement", "requires", "rule", "selectables", "snip", "testlist" or "xref" or an element from another namespace
/home/runner/work/mobile-device/mobile-device/input/mobile-device.xml:4145:61: error: element "aactivity" incomplete; expected text, element "Guidance", "KMD", "TSS", "Tests", "_", "also", "assignable", "choice", "comment", "ctr", "depends", "endnote", "equation", "external-doc", "figure", "if-opt-app", "implements", "no-link", "no-tests", "provides", "refinement", "requires", "rule", "selectables", "snip", "testlist" or "xref" or an element from another namespace
/home/runner/work/mobile-device/mobile-device/input/mobile-device.xml:4146:62: error: element "m" not allowed anywhere; expected the element end-tag or element "M", "NA", "O", "aactivity" or "app-note"
/home/runner/work/mobile-device/mobile-device/input/mobile-device.xml:4146:79: error: element "na" not allowed anywhere; expected the element end-tag or element "M", "NA", "O", "aactivity" or "app-note"
/home/runner/work/mobile-device/mobile-device/input/mobile-device.xml:4146:133: error: element "tss" not allowed anywhere; expected text, element "Guidance", "KMD", "TSS", "Tests", "_", "also", "assignable", "choice", "comment", "ctr", "depends", "endnote", "equation", "external-doc", "figure", "if-opt-app", "implements", "no-link", "no-tests", "provides", "refinement", "requires", "rule", "selectables", "snip", "testlist" or "xref" or an element from another namespace
/home/runner/work/mobile-device/mobile-device/input/mobile-device.xml:4148:46: error: element "tests" not allowed anywhere; expected text, element "Guidance", "KMD", "TSS", "Tests", "_", "also", "assignable", "choice", "comment", "ctr", "depends", "endnote", "equation", "external-doc", "figure", "if-opt-app", "implements", "no-link", "no-tests", "provides", "refinement", "requires", "rule", "selectables", "snip", "testlist" or "xref" or an element from another namespace
/home/runner/work/mobile-device/mobile-device/input/mobile-device.xml:4150:27: error: element "aactivity" incomplete; expected text, element "Guidance", "KMD", "TSS", "Tests", "_", "also", "assignable", "choice", "comment", "ctr", "depends", "endnote", "equation", "external-doc", "figure", "if-opt-app", "implements", "no-link", "no-tests", "provides", "refinement", "requires", "rule", "selectables", "snip", "testlist" or "xref" or an element from another namespace
/home/runner/work/mobile-device/mobile-device/input/mobile-device.xml:4152:125: error: element "m" not allowed anywhere; expected the element end-tag or element "M", "NA", "O", "aactivity" or "app-note"
/home/runner/work/mobile-device/mobile-device/input/mobile-device.xml:4152:142: error: element "na" not allowed anywhere; expected the element end-tag or element "M", "NA", "O", "aactivity" or "app-note"
/home/runner/work/mobile-device/mobile-device/input/mobile-device.xml:4153:83: error: element "m" not allowed anywhere; expected the element end-tag or element "M", "NA", "O", "aactivity" or "app-note"
/home/runner/work/mobile-device/mobile-device/input/mobile-device.xml:4153:99: error: element "na" not allowed anywhere; expected the element end-tag or element "M", "NA", "O", "aactivity" or "app-note"
/home/runner/work/mobile-device/mobile-device/input/mobile-device.xml:4153:115: error: element "m" not allowed anywhere; expected the element end-tag or element "M", "NA", "O", "aactivity" or "app-note"
/home/runner/work/mobile-device/mobile-device/input/mobile-device.xml:4153:140: error: element "guidance" not allowed here; expected text, element "Guidance", "KMD", "TSS", "Tests", "_", "also", "assignable", "choice", "comment", "ctr", "depends", "endnote", "equation", "external-doc", "figure", "if-opt-app", "implements", "no-link", "no-tests", "provides", "refinement", "requires", "rule", "selectables", "snip", "testlist" or "xref" or an element from another namespace
/home/runner/work/mobile-device/mobile-device/input/mobile-device.xml:4153:159: error: text not allowed here; expected element "ref-id"
/home/runner/work/mobile-device/mobile-device/input/mobile-device.xml:4154:101: error: text not allowed here; expected element "ref-id"
/home/runner/work/mobile-device/mobile-device/input/mobile-device.xml:4155:98: error: text not allowed here; expected element "ref-id"
/home/runner/work/mobile-device/mobile-device/input/mobile-device.xml:4156:97: error: text not allowed here; expected element "ref-id"
/home/runner/work/mobile-device/mobile-device/input/mobile-device.xml:4157:65: error: text not allowed here; expected element "ref-id"
/home/runner/work/mobile-device/mobile-device/input/mobile-device.xml:4158:20: error: element "guidance" incomplete; missing required element "ref-id"
/home/runner/work/mobile-device/mobile-device/input/mobile-device.xml:4158:27: error: element "tests" not allowed anywhere; expected text, element "Guidance", "KMD", "TSS", "Tests", "_", "also", "assignable", "choice", "comment", "ctr", "depends", "endnote", "equation", "external-doc", "figure", "if-opt-app", "implements", "no-link", "no-tests", "provides", "refinement", "requires", "rule", "selectables", "snip", "testlist" or "xref" or an element from another namespace
/home/runner/work/mobile-device/mobile-device/input/mobile-device.xml:4164:29: error: element "aactivity" incomplete; expected text, element "Guidance", "KMD", "TSS", "Tests", "_", "also", "assignable", "choice", "comment", "ctr", "depends", "endnote", "equation", "external-doc", "figure", "if-opt-app", "implements", "no-link", "no-tests", "provides", "refinement", "requires", "rule", "selectables", "snip", "testlist" or "xref" or an element from another namespace
/home/runner/work/mobile-device/mobile-device/input/mobile-device.xml:4166:127: error: element "m" not allowed anywhere; expected the element end-tag or element "M", "NA", "O", "aactivity" or "app-note"
/home/runner/work/mobile-device/mobile-device/input/mobile-device.xml:4166:144: error: element "na" not allowed anywhere; expected the element end-tag or element "M", "NA", "O", "aactivity" or "app-note"
/home/runner/work/mobile-device/mobile-device/input/mobile-device.xml:4173:34: error: element "tss" not allowed anywhere; expected text, element "Guidance", "KMD", "TSS", "Tests", "_", "also", "assignable", "choice", "comment", "ctr", "depends", "endnote", "equation", "external-doc", "figure", "if-opt-app", "implements", "no-link", "no-tests", "provides", "refinement", "requires", "rule", "selectables", "snip", "testlist" or "xref" or an element from another namespace
/home/runner/work/mobile-device/mobile-device/input/mobile-device.xml:4177:22: error: element "tests" not allowed anywhere; expected text, element "Guidance", "KMD", "TSS", "Tests", "_", "also", "assignable", "choice", "comment", "ctr", "depends", "endnote", "equation", "external-doc", "figure", "if-opt-app", "implements", "no-link", "no-tests", "provides", "refinement", "requires", "rule", "selectables", "snip", "testlist" or "xref" or an element from another namespace
/home/runner/work/mobile-device/mobile-device/input/mobile-device.xml:4179:124: error: element "tests" not allowed anywhere; expected text, element "Guidance", "KMD", "TSS", "Tests", "_", "also", "assignable", "choice", "comment", "ctr", "depends", "endnote", "equation", "external-doc", "figure", "if-opt-app", "implements", "no-link", "no-tests", "provides", "refinement", "requires", "rule", "selectables", "snip", "testlist" or "xref" or an element from another namespace
/home/runner/work/mobile-device/mobile-device/input/mobile-device.xml:4181:29: error: element "aactivity" incomplete; expected text, element "Guidance", "KMD", "TSS", "Tests", "_", "also", "assignable", "choice", "comment", "ctr", "depends", "endnote", "equation", "external-doc", "figure", "if-opt-app", "implements", "no-link", "no-tests", "provides", "refinement", "requires", "rule", "selectables", "snip", "testlist" or "xref" or an element from another namespace
/home/runner/work/mobile-device/mobile-device/input/mobile-device.xml:4181:141: error: element "m" not allowed anywhere; expected the element end-tag or element "M", "NA", "O", "aactivity" or "app-note"
/home/runner/work/mobile-device/mobile-device/input/mobile-device.xml:4181:156: error: element "o" not allowed anywhere; expected the element end-tag or element "M", "NA", "O", "aactivity" or "app-note"
/home/runner/work/mobile-device/mobile-device/input/mobile-device.xml:4181:171: error: element "o" not allowed anywhere; expected the element end-tag or element "M", "NA", "O", "aactivity" or "app-note"
/home/runner/work/mobile-device/mobile-device/input/mobile-device.xml:4181:187: error: element "o" not allowed anywhere; expected the element end-tag or element "M", "NA", "O", "aactivity" or "app-note"
/home/runner/work/mobile-device/mobile-device/input/mobile-device.xml:4187:34: error: element "tss" not allowed anywhere; expected text, element "Guidance", "KMD", "TSS", "Tests", "_", "also", "assignable", "choice", "comment", "ctr", "depends", "endnote", "equation", "external-doc", "figure", "if-opt-app", "implements", "no-link", "no-tests", "provides", "refinement", "requires", "rule", "selectables", "snip", "testlist" or "xref" or an element from another namespace
/home/runner/work/mobile-device/mobile-device/input/mobile-device.xml:4192:22: error: element "tests" not allowed anywhere; expected text, element "Guidance", "KMD", "TSS", "Tests", "_", "also", "assignable", "choice", "comment", "ctr", "depends", "endnote", "equation", "external-doc", "figure", "if-opt-app", "implements", "no-link", "no-tests", "provides", "refinement", "requires", "rule", "selectables", "snip", "testlist" or "xref" or an element from another namespace
/home/runner/work/mobile-device/mobile-device/input/mobile-device.xml:4195:29: error: element "aactivity" incomplete; expected text, element "Guidance", "KMD", "TSS", "Tests", "_", "also", "assignable", "choice", "comment", "ctr", "depends", "endnote", "equation", "external-doc", "figure", "if-opt-app", "implements", "no-link", "no-tests", "provides", "refinement", "requires", "rule", "selectables", "snip", "testlist" or "xref" or an element from another namespace
/home/runner/work/mobile-device/mobile-device/input/mobile-device.xml:4195:135: error: element "m" not allowed anywhere; expected the element end-tag or element "M", "NA", "O", "aactivity" or "app-note"
/home/runner/work/mobile-device/mobile-device/input/mobile-device.xml:4195:151: error: element "na" not allowed anywhere; expected the element end-tag or element "M", "NA", "O", "aactivity" or "app-note"
/home/runner/work/mobile-device/mobile-device/input/mobile-device.xml:4195:167: error: element "m" not allowed anywhere; expected the element end-tag or element "M", "NA", "O", "aactivity" or "app-note"
/home/runner/work/mobile-device/mobile-device/input/mobile-device.xml:4195:187: error: element "tss" not allowed anywhere; expected text, element "Guidance", "KMD", "TSS", "Tests", "_", "also", "assignable", "choice", "comment", "ctr", "depends", "endnote", "equation", "external-doc", "figure", "if-opt-app", "implements", "no-link", "no-tests", "provides", "refinement", "requires", "rule", "selectables", "snip", "testlist" or "xref" or an element from another namespace
/home/runner/work/mobile-device/mobile-device/input/mobile-device.xml:4208:18: error: element "tests" not allowed anywhere; expected text, element "Guidance", "KMD", "TSS", "Tests", "_", "also", "assignable", "choice", "comment", "ctr", "depends", "endnote", "equation", "external-doc", "figure", "if-opt-app", "implements", "no-link", "no-tests", "provides", "refinement", "requires", "rule", "selectables", "snip", "testlist" or "xref" or an element from another namespace
/home/runner/work/mobile-device/mobile-device/input/mobile-device.xml:4211:79: error: element "aactivity" incomplete; expected text, element "Guidance", "KMD", "TSS", "Tests", "_", "also", "assignable", "choice", "comment", "ctr", "depends", "endnote", "equation", "external-doc", "figure", "if-opt-app", "implements", "no-link", "no-tests", "provides", "refinement", "requires", "rule", "selectables", "snip", "testlist" or "xref" or an element from another namespace
/home/runner/work/mobile-device/mobile-device/input/mobile-device.xml:4211:185: error: element "m" not allowed anywhere; expected the element end-tag or element "M", "NA", "O", "aactivity" or "app-note"
/home/runner/work/mobile-device/mobile-device/input/mobile-device.xml:4211:201: error: element "na" not allowed anywhere; expected the element end-tag or element "M", "NA", "O", "aactivity" or "app-note"
/home/runner/work/mobile-device/mobile-device/input/mobile-device.xml:4211:217: error: element "m" not allowed anywhere; expected the element end-tag or element "M", "NA", "O", "aactivity" or "app-note"
/home/runner/work/mobile-device/mobile-device/input/mobile-device.xml:4220:36: error: element "tests" not allowed anywhere; expected text, element "Guidance", "KMD", "TSS", "Tests", "_", "also", "assignable", "choice", "comment", "ctr", "depends", "endnote", "equation", "external-doc", "figure", "if-opt-app", "implements", "no-link", "no-tests", "provides", "refinement", "requires", "rule", "selectables", "snip", "testlist" or "xref" or an element from another namespace
/home/runner/work/mobile-device/mobile-device/input/mobile-device.xml:4223:27: error: element "aactivity" incomplete; expected text, element "Guidance", "KMD", "TSS", "Tests", "_", "also", "assignable", "choice", "comment", "ctr", "depends", "endnote", "equation", "external-doc", "figure", "if-opt-app", "implements", "no-link", "no-tests", "provides", "refinement", "requires", "rule", "selectables", "snip", "testlist" or "xref" or an element from another namespace
/home/runner/work/mobile-device/mobile-device/input/mobile-device.xml:4223:135: error: element "m" not allowed anywhere; expected the element end-tag or element "M", "NA", "O", "aactivity" or "app-note"
/home/runner/work/mobile-device/mobile-device/input/mobile-device.xml:4223:151: error: element "na" not allowed anywhere; expected the element end-tag or element "M", "NA", "O", "aactivity" or "app-note"
/home/runner/work/mobile-device/mobile-device/input/mobile-device.xml:4223:167: error: element "m" not allowed anywhere; expected the element end-tag or element "M", "NA", "O", "aactivity" or "app-note"
/home/runner/work/mobile-device/mobile-device/input/mobile-device.xml:4228:36: error: element "tests" not allowed anywhere; expected text, element "Guidance", "KMD", "TSS", "Tests", "_", "also", "assignable", "choice", "comment", "ctr", "depends", "endnote", "equation", "external-doc", "figure", "if-opt-app", "implements", "no-link", "no-tests", "provides", "refinement", "requires", "rule", "selectables", "snip", "testlist" or "xref" or an element from another namespace
/home/runner/work/mobile-device/mobile-device/input/mobile-device.xml:4230:62: error: element "aactivity" incomplete; expected text, element "Guidance", "KMD", "TSS", "Tests", "_", "also", "assignable", "choice", "comment", "ctr", "depends", "endnote", "equation", "external-doc", "figure", "if-opt-app", "implements", "no-link", "no-tests", "provides", "refinement", "requires", "rule", "selectables", "snip", "testlist" or "xref" or an element from another namespace
/home/runner/work/mobile-device/mobile-device/input/mobile-device.xml:4231:50: error: element "m" not allowed anywhere; expected the element end-tag or element "M", "NA", "O", "aactivity" or "app-note"
/home/runner/work/mobile-device/mobile-device/input/mobile-device.xml:4231:66: error: element "na" not allowed anywhere; expected the element end-tag or element "M", "NA", "O", "aactivity" or "app-note"
/home/runner/work/mobile-device/mobile-device/input/mobile-device.xml:4231:82: error: element "m" not allowed anywhere; expected the element end-tag or element "M", "NA", "O", "aactivity" or "app-note"
/home/runner/work/mobile-device/mobile-device/input/mobile-device.xml:4231:99: error: element "na" not allowed anywhere; expected the element end-tag or element "M", "NA", "O", "aactivity" or "app-note"
/home/runner/work/mobile-device/mobile-device/input/mobile-device.xml:4238:34: error: element "tests" not allowed anywhere; expected text, element "Guidance", "KMD", "TSS", "Tests", "_", "also", "assignable", "choice", "comment", "ctr", "depends", "endnote", "equation", "external-doc", "figure", "if-opt-app", "implements", "no-link", "no-tests", "provides", "refinement", "requires", "rule", "selectables", "snip", "testlist" or "xref" or an element from another namespace
/home/runner/work/mobile-device/mobile-device/input/mobile-device.xml:4242:46: error: element "aactivity" incomplete; expected text, element "Guidance", "KMD", "TSS", "Tests", "_", "also", "assignable", "choice", "comment", "ctr", "depends", "endnote", "equation", "external-doc", "figure", "if-opt-app", "implements", "no-link", "no-tests", "provides", "refinement", "requires", "rule", "selectables", "snip", "testlist" or "xref" or an element from another namespace
/home/runner/work/mobile-device/mobile-device/input/mobile-device.xml:4243:468: error: element "m" not allowed anywhere; expected the element end-tag or element "M", "NA", "O", "aactivity" or "app-note"
/home/runner/work/mobile-device/mobile-device/input/mobile-device.xml:4248:37: error: element "guidance" not allowed here; expected text, element "Guidance", "KMD", "TSS", "Tests", "_", "also", "assignable", "choice", "comment", "ctr", "depends", "endnote", "equation", "external-doc", "figure", "if-opt-app", "implements", "no-link", "no-tests", "provides", "refinement", "requires", "rule", "selectables", "snip", "testlist" or "xref" or an element from another namespace
/home/runner/work/mobile-device/mobile-device/input/mobile-device.xml:4248:50: error: text not allowed here; expected element "ref-id"
/home/runner/work/mobile-device/mobile-device/input/mobile-device.xml:4249:99: error: text not allowed here; expected element "ref-id"
/home/runner/work/mobile-device/mobile-device/input/mobile-device.xml:4250:65: error: text not allowed here; expected element "ref-id"
/home/runner/work/mobile-device/mobile-device/input/mobile-device.xml:4250:93: error: element "xref" not allowed yet; missing required element "ref-id"
/home/runner/work/mobile-device/mobile-device/input/mobile-device.xml:4253:21: error: element "tests" not allowed anywhere; expected text, element "Guidance", "KMD", "TSS", "Tests", "_", "also", "assignable", "choice", "comment", "ctr", "depends", "endnote", "equation", "external-doc", "figure", "if-opt-app", "implements", "no-link", "no-tests", "provides", "refinement", "requires", "rule", "selectables", "snip", "testlist" or "xref" or an element from another namespace
/home/runner/work/mobile-device/mobile-device/input/mobile-device.xml:4255:108: error: element "aactivity" incomplete; expected text, element "Guidance", "KMD", "TSS", "Tests", "_", "also", "assignable", "choice", "comment", "ctr", "depends", "endnote", "equation", "external-doc", "figure", "if-opt-app", "implements", "no-link", "no-tests", "provides", "refinement", "requires", "rule", "selectables", "snip", "testlist" or "xref" or an element from another namespace
/home/runner/work/mobile-device/mobile-device/input/mobile-device.xml:4255:219: error: element "m" not allowed anywhere; expected the element end-tag or element "M", "NA", "O", "aactivity" or "app-note"
/home/runner/work/mobile-device/mobile-device/input/mobile-device.xml:4258:36: error: element "tests" not allowed anywhere; expected text, element "Guidance", "KMD", "TSS", "Tests", "_", "also", "assignable", "choice", "comment", "ctr", "depends", "endnote", "equation", "external-doc", "figure", "if-opt-app", "implements", "no-link", "no-tests", "provides", "refinement", "requires", "rule", "selectables", "snip", "testlist" or "xref" or an element from another namespace
/home/runner/work/mobile-device/mobile-device/input/mobile-device.xml:4264:27: error: element "aactivity" incomplete; expected text, element "Guidance", "KMD", "TSS", "Tests", "_", "also", "assignable", "choice", "comment", "ctr", "depends", "endnote", "equation", "external-doc", "figure", "if-opt-app", "implements", "no-link", "no-tests", "provides", "refinement", "requires", "rule", "selectables", "snip", "testlist" or "xref" or an element from another namespace
/home/runner/work/mobile-device/mobile-device/input/mobile-device.xml:4265:63: error: element "m" not allowed anywhere; expected the element end-tag or element "M", "NA", "O", "aactivity" or "app-note"
/home/runner/work/mobile-device/mobile-device/input/mobile-device.xml:4268:36: error: element "tests" not allowed anywhere; expected text, element "Guidance", "KMD", "TSS", "Tests", "_", "also", "assignable", "choice", "comment", "ctr", "depends", "endnote", "equation", "external-doc", "figure", "if-opt-app", "implements", "no-link", "no-tests", "provides", "refinement", "requires", "rule", "selectables", "snip", "testlist" or "xref" or an element from another namespace
/home/runner/work/mobile-device/mobile-device/input/mobile-device.xml:4274:27: error: element "aactivity" incomplete; expected text, element "Guidance", "KMD", "TSS", "Tests", "_", "also", "assignable", "choice", "comment", "ctr", "depends", "endnote", "equation", "external-doc", "figure", "if-opt-app", "implements", "no-link", "no-tests", "provides", "refinement", "requires", "rule", "selectables", "snip", "testlist" or "xref" or an element from another namespace
/home/runner/work/mobile-device/mobile-device/input/mobile-device.xml:4275:368: error: element "m" not allowed anywhere; expected the element end-tag or element "M", "NA", "O", "aactivity" or "app-note"
/home/runner/work/mobile-device/mobile-device/input/mobile-device.xml:4279:34: error: element "tests" not allowed anywhere; expected text, element "Guidance", "KMD", "TSS", "Tests", "_", "also", "assignable", "choice", "comment", "ctr", "depends", "endnote", "equation", "external-doc", "figure", "if-opt-app", "implements", "no-link", "no-tests", "provides", "refinement", "requires", "rule", "selectables", "snip", "testlist" or "xref" or an element from another namespace
/home/runner/work/mobile-device/mobile-device/input/mobile-device.xml:4290:81: error: element "tests" not allowed anywhere; expected text, element "Guidance", "KMD", "TSS", "Tests", "_", "also", "assignable", "choice", "comment", "ctr", "depends", "endnote", "equation", "external-doc", "figure", "if-opt-app", "implements", "no-link", "no-tests", "provides", "refinement", "requires", "rule", "selectables", "snip", "testlist" or "xref" or an element from another namespace
/home/runner/work/mobile-device/mobile-device/input/mobile-device.xml:4290:101: error: element "aactivity" incomplete; expected text, element "Guidance", "KMD", "TSS", "Tests", "_", "also", "assignable", "choice", "comment", "ctr", "depends", "endnote", "equation", "external-doc", "figure", "if-opt-app", "implements", "no-link", "no-tests", "provides", "refinement", "requires", "rule", "selectables", "snip", "testlist" or "xref" or an element from another namespace
/home/runner/work/mobile-device/mobile-device/input/mobile-device.xml:4298:34: error: element "tests" not allowed anywhere; expected text, element "Guidance", "KMD", "TSS", "Tests", "_", "also", "assignable", "choice", "comment", "ctr", "depends", "endnote", "equation", "external-doc", "figure", "if-opt-app", "implements", "no-link", "no-tests", "provides", "refinement", "requires", "rule", "selectables", "snip", "testlist" or "xref" or an element from another namespace
/home/runner/work/mobile-device/mobile-device/input/mobile-device.xml:4313:57: error: element "tests" not allowed anywhere; expected text, element "Guidance", "KMD", "TSS", "Tests", "_", "also", "assignable", "choice", "comment", "ctr", "depends", "endnote", "equation", "external-doc", "figure", "if-opt-app", "implements", "no-link", "no-tests", "provides", "refinement", "requires", "rule", "selectables", "snip", "testlist" or "xref" or an element from another namespace
/home/runner/work/mobile-device/mobile-device/input/mobile-device.xml:4313:77: error: element "aactivity" incomplete; expected text, element "Guidance", "KMD", "TSS", "Tests", "_", "also", "assignable", "choice", "comment", "ctr", "depends", "endnote", "equation", "external-doc", "figure", "if-opt-app", "implements", "no-link", "no-tests", "provides", "refinement", "requires", "rule", "selectables", "snip", "testlist" or "xref" or an element from another namespace
/home/runner/work/mobile-device/mobile-device/input/mobile-device.xml:4317:36: error: element "tests" not allowed anywhere; expected text, element "Guidance", "KMD", "TSS", "Tests", "_", "also", "assignable", "choice", "comment", "ctr", "depends", "endnote", "equation", "external-doc", "figure", "if-opt-app", "implements", "no-link", "no-tests", "provides", "refinement", "requires", "rule", "selectables", "snip", "testlist" or "xref" or an element from another namespace
/home/runner/work/mobile-device/mobile-device/input/mobile-device.xml:4318:71: error: element "tests" not allowed anywhere; expected text, element "Guidance", "KMD", "TSS", "Tests", "_", "also", "assignable", "choice", "comment", "ctr", "depends", "endnote", "equation", "external-doc", "figure", "if-opt-app", "implements", "no-link", "no-tests", "provides", "refinement", "requires", "rule", "selectables", "snip", "testlist" or "xref" or an element from another namespace
/home/runner/work/mobile-device/mobile-device/input/mobile-device.xml:4318:93: error: element "aactivity" incomplete; expected text, element "Guidance", "KMD", "TSS", "Tests", "_", "also", "assignable", "choice", "comment", "ctr", "depends", "endnote", "equation", "external-doc", "figure", "if-opt-app", "implements", "no-link", "no-tests", "provides", "refinement", "requires", "rule", "selectables", "snip", "testlist" or "xref" or an element from another namespace
/home/runner/work/mobile-device/mobile-device/input/mobile-device.xml:4332:32: error: element "tss" not allowed anywhere; expected text, element "Guidance", "KMD", "TSS", "Tests", "_", "also", "assignable", "choice", "comment", "ctr", "depends", "endnote", "equation", "external-doc", "figure", "if-opt-app", "implements", "no-link", "no-tests", "provides", "refinement", "requires", "rule", "selectables", "snip", "testlist" or "xref" or an element from another namespace
/home/runner/work/mobile-device/mobile-device/input/mobile-device.xml:4335:125: error: element "tests" not allowed anywhere; expected text, element "Guidance", "KMD", "TSS", "Tests", "_", "also", "assignable", "choice", "comment", "ctr", "depends", "endnote", "equation", "external-doc", "figure", "if-opt-app", "implements", "no-link", "no-tests", "provides", "refinement", "requires", "rule", "selectables", "snip", "testlist" or "xref" or an element from another namespace
/home/runner/work/mobile-device/mobile-device/input/mobile-device.xml:4343:48: error: element "aactivity" incomplete; expected text, element "Guidance", "KMD", "TSS", "Tests", "_", "also", "assignable", "choice", "comment", "ctr", "depends", "endnote", "equation", "external-doc", "figure", "if-opt-app", "implements", "no-link", "no-tests", "provides", "refinement", "requires", "rule", "selectables", "snip", "testlist" or "xref" or an element from another namespace
/home/runner/work/mobile-device/mobile-device/input/mobile-device.xml:4348:32: error: element "tss" not allowed anywhere; expected text, element "Guidance", "KMD", "TSS", "Tests", "_", "also", "assignable", "choice", "comment", "ctr", "depends", "endnote", "equation", "external-doc", "figure", "if-opt-app", "implements", "no-link", "no-tests", "provides", "refinement", "requires", "rule", "selectables", "snip", "testlist" or "xref" or an element from another namespace
/home/runner/work/mobile-device/mobile-device/input/mobile-device.xml:4350:110: error: element "tests" not allowed anywhere; expected text, element "Guidance", "KMD", "TSS", "Tests", "_", "also", "assignable", "choice", "comment", "ctr", "depends", "endnote", "equation", "external-doc", "figure", "if-opt-app", "implements", "no-link", "no-tests", "provides", "refinement", "requires", "rule", "selectables", "snip", "testlist" or "xref" or an element from another namespace
/home/runner/work/mobile-device/mobile-device/input/mobile-device.xml:4354:27: error: element "aactivity" incomplete; expected text, element "Guidance", "KMD", "TSS", "Tests", "_", "also", "assignable", "choice", "comment", "ctr", "depends", "endnote", "equation", "external-doc", "figure", "if-opt-app", "implements", "no-link", "no-tests", "provides", "refinement", "requires", "rule", "selectables", "snip", "testlist" or "xref" or an element from another namespace
/home/runner/work/mobile-device/mobile-device/input/mobile-device.xml:4358:34: error: element "tests" not allowed anywhere; expected text, element "Guidance", "KMD", "TSS", "Tests", "_", "also", "assignable", "choice", "comment", "ctr", "depends", "endnote", "equation", "external-doc", "figure", "if-opt-app", "implements", "no-link", "no-tests", "provides", "refinement", "requires", "rule", "selectables", "snip", "testlist" or "xref" or an element from another namespace
/home/runner/work/mobile-device/mobile-device/input/mobile-device.xml:4363:94: error: element "aactivity" incomplete; expected text, element "Guidance", "KMD", "TSS", "Tests", "_", "also", "assignable", "choice", "comment", "ctr", "depends", "endnote", "equation", "external-doc", "figure", "if-opt-app", "implements", "no-link", "no-tests", "provides", "refinement", "requires", "rule", "selectables", "snip", "testlist" or "xref" or an element from another namespace
/home/runner/work/mobile-device/mobile-device/input/mobile-device.xml:4369:37: error: element "guidance" not allowed here; expected text, element "Guidance", "KMD", "TSS", "Tests", "_", "also", "assignable", "choice", "comment", "ctr", "depends", "endnote", "equation", "external-doc", "figure", "if-opt-app", "implements", "no-link", "no-tests", "provides", "refinement", "requires", "rule", "selectables", "snip", "testlist" or "xref" or an element from another namespace
/home/runner/work/mobile-device/mobile-device/input/mobile-device.xml:4369:40: error: text not allowed here; expected element "ref-id"
/home/runner/work/mobile-device/mobile-device/input/mobile-device.xml:4370:97: error: text not allowed here; expected element "ref-id"
/home/runner/work/mobile-device/mobile-device/input/mobile-device.xml:4371:100: error: text not allowed here; expected element "ref-id"
/home/runner/work/mobile-device/mobile-device/input/mobile-device.xml:4372:74: error: text not allowed here; expected element "ref-id"
/home/runner/work/mobile-device/mobile-device/input/mobile-device.xml:4373:14: error: element "guidance" incomplete; missing required element "ref-id"
/home/runner/work/mobile-device/mobile-device/input/mobile-device.xml:4373:21: error: element "tests" not allowed anywhere; expected text, element "Guidance", "KMD", "TSS", "Tests", "_", "also", "assignable", "choice", "comment", "ctr", "depends", "endnote", "equation", "external-doc", "figure", "if-opt-app", "implements", "no-link", "no-tests", "provides", "refinement", "requires", "rule", "selectables", "snip", "testlist" or "xref" or an element from another namespace
/home/runner/work/mobile-device/mobile-device/input/mobile-device.xml:4376:89: error: element "aactivity" incomplete; expected text, element "Guidance", "KMD", "TSS", "Tests", "_", "also", "assignable", "choice", "comment", "ctr", "depends", "endnote", "equation", "external-doc", "figure", "if-opt-app", "implements", "no-link", "no-tests", "provides", "refinement", "requires", "rule", "selectables", "snip", "testlist" or "xref" or an element from another namespace
/home/runner/work/mobile-device/mobile-device/input/mobile-device.xml:4376:200: error: element "na" not allowed anywhere; expected the element end-tag or element "M", "NA", "O", "aactivity" or "app-note"
/home/runner/work/mobile-device/mobile-device/input/mobile-device.xml:4376:223: error: element "tests" not allowed anywhere; expected text, element "Guidance", "KMD", "TSS", "Tests", "_", "also", "assignable", "choice", "comment", "ctr", "depends", "endnote", "equation", "external-doc", "figure", "if-opt-app", "implements", "no-link", "no-tests", "provides", "refinement", "requires", "rule", "selectables", "snip", "testlist" or "xref" or an element from another namespace
/home/runner/work/mobile-device/mobile-device/input/mobile-device.xml:4379:82: error: element "aactivity" incomplete; expected text, element "Guidance", "KMD", "TSS", "Tests", "_", "also", "assignable", "choice", "comment", "ctr", "depends", "endnote", "equation", "external-doc", "figure", "if-opt-app", "implements", "no-link", "no-tests", "provides", "refinement", "requires", "rule", "selectables", "snip", "testlist" or "xref" or an element from another namespace
/home/runner/work/mobile-device/mobile-device/input/mobile-device.xml:4390:32: error: element "tss" not allowed anywhere; expected text, element "Guidance", "KMD", "TSS", "Tests", "_", "also", "assignable", "choice", "comment", "ctr", "depends", "endnote", "equation", "external-doc", "figure", "if-opt-app", "implements", "no-link", "no-tests", "provides", "refinement", "requires", "rule", "selectables", "snip", "testlist" or "xref" or an element from another namespace
/home/runner/work/mobile-device/mobile-device/input/mobile-device.xml:4395:36: error: element "tss" not allowed anywhere; expected text, element "Guidance", "KMD", "TSS", "Tests", "_", "also", "assignable", "choice", "comment", "ctr", "depends", "endnote", "equation", "external-doc", "figure", "if-opt-app", "implements", "no-link", "no-tests", "provides", "refinement", "requires", "rule", "selectables", "snip", "testlist" or "xref" or an element from another namespace
/home/runner/work/mobile-device/mobile-device/input/mobile-device.xml:4395:53: error: element "tss" not allowed anywhere; expected text, element "Guidance", "KMD", "TSS", "Tests", "_", "also", "assignable", "choice", "comment", "ctr", "depends", "endnote", "equation", "external-doc", "figure", "if-opt-app", "implements", "no-link", "no-tests", "provides", "refinement", "requires", "rule", "selectables", "snip", "testlist" or "xref" or an element from another namespace
/home/runner/work/mobile-device/mobile-device/input/mobile-device.xml:4396:63: error: element "tss" not allowed anywhere; expected text, element "Guidance", "KMD", "TSS", "Tests", "_", "also", "assignable", "choice", "comment", "ctr", "depends", "endnote", "equation", "external-doc", "figure", "if-opt-app", "implements", "no-link", "no-tests", "provides", "refinement", "requires", "rule", "selectables", "snip", "testlist" or "xref" or an element from another namespace
/home/runner/work/mobile-device/mobile-device/input/mobile-device.xml:4398:16: error: element "tests" not allowed anywhere; expected text, element "Guidance", "KMD", "TSS", "Tests", "_", "also", "assignable", "choice", "comment", "ctr", "depends", "endnote", "equation", "external-doc", "figure", "if-opt-app", "implements", "no-link", "no-tests", "provides", "refinement", "requires", "rule", "selectables", "snip", "testlist" or "xref" or an element from another namespace
/home/runner/work/mobile-device/mobile-device/input/mobile-device.xml:4416:106: error: element "tests" not allowed anywhere; expected text, element "Guidance", "KMD", "TSS", "Tests", "_", "also", "assignable", "choice", "comment", "ctr", "depends", "endnote", "equation", "external-doc", "figure", "if-opt-app", "implements", "no-link", "no-tests", "provides", "refinement", "requires", "rule", "selectables", "snip", "testlist" or "xref" or an element from another namespace
/home/runner/work/mobile-device/mobile-device/input/mobile-device.xml:4419:27: error: element "aactivity" incomplete; expected text, element "Guidance", "KMD", "TSS", "Tests", "_", "also", "assignable", "choice", "comment", "ctr", "depends", "endnote", "equation", "external-doc", "figure", "if-opt-app", "implements", "no-link", "no-tests", "provides", "refinement", "requires", "rule", "selectables", "snip", "testlist" or "xref" or an element from another namespace
/home/runner/work/mobile-device/mobile-device/input/mobile-device.xml:4425:34: error: element "tests" not allowed anywhere; expected text, element "Guidance", "KMD", "TSS", "Tests", "_", "also", "assignable", "choice", "comment", "ctr", "depends", "endnote", "equation", "external-doc", "figure", "if-opt-app", "implements", "no-link", "no-tests", "provides", "refinement", "requires", "rule", "selectables", "snip", "testlist" or "xref" or an element from another namespace
/home/runner/work/mobile-device/mobile-device/input/mobile-device.xml:4425:130: error: element "aactivity" incomplete; expected text, element "Guidance", "KMD", "TSS", "Tests", "_", "also", "assignable", "choice", "comment", "ctr", "depends", "endnote", "equation", "external-doc", "figure", "if-opt-app", "implements", "no-link", "no-tests", "provides", "refinement", "requires", "rule", "selectables", "snip", "testlist" or "xref" or an element from another namespace
/home/runner/work/mobile-device/mobile-device/input/mobile-device.xml:4426:111: error: element "tss" not allowed anywhere; expected text, element "Guidance", "KMD", "TSS", "Tests", "_", "also", "assignable", "choice", "comment", "ctr", "depends", "endnote", "equation", "external-doc", "figure", "if-opt-app", "implements", "no-link", "no-tests", "provides", "refinement", "requires", "rule", "selectables", "snip", "testlist" or "xref" or an element from another namespace
/home/runner/work/mobile-device/mobile-device/input/mobile-device.xml:4428:44: error: element "guidance" not allowed here; expected text, element "Guidance", "KMD", "TSS", "Tests", "_", "also", "assignable", "choice", "comment", "ctr", "depends", "endnote", "equation", "external-doc", "figure", "if-opt-app", "implements", "no-link", "no-tests", "provides", "refinement", "requires", "rule", "selectables", "snip", "testlist" or "xref" or an element from another namespace
/home/runner/work/mobile-device/mobile-device/input/mobile-device.xml:4428:107: error: text not allowed here; expected element "ref-id"
/home/runner/work/mobile-device/mobile-device/input/mobile-device.xml:4429:88: error: text not allowed here; expected element "ref-id"
/home/runner/work/mobile-device/mobile-device/input/mobile-device.xml:4430:16: error: element "guidance" incomplete; missing required element "ref-id"
/home/runner/work/mobile-device/mobile-device/input/mobile-device.xml:4430:23: error: element "tests" not allowed anywhere; expected text, element "Guidance", "KMD", "TSS", "Tests", "_", "also", "assignable", "choice", "comment", "ctr", "depends", "endnote", "equation", "external-doc", "figure", "if-opt-app", "implements", "no-link", "no-tests", "provides", "refinement", "requires", "rule", "selectables", "snip", "testlist" or "xref" or an element from another namespace
/home/runner/work/mobile-device/mobile-device/input/mobile-device.xml:4433:94: error: element "aactivity" incomplete; expected text, element "Guidance", "KMD", "TSS", "Tests", "_", "also", "assignable", "choice", "comment", "ctr", "depends", "endnote", "equation", "external-doc", "figure", "if-opt-app", "implements", "no-link", "no-tests", "provides", "refinement", "requires", "rule", "selectables", "snip", "testlist" or "xref" or an element from another namespace
/home/runner/work/mobile-device/mobile-device/input/mobile-device.xml:4434:49: error: element "na" not allowed anywhere; expected the element end-tag or element "M", "NA", "O", "aactivity" or "app-note"
/home/runner/work/mobile-device/mobile-device/input/mobile-device.xml:4434:72: error: element "tests" not allowed anywhere; expected text, element "Guidance", "KMD", "TSS", "Tests", "_", "also", "assignable", "choice", "comment", "ctr", "depends", "endnote", "equation", "external-doc", "figure", "if-opt-app", "implements", "no-link", "no-tests", "provides", "refinement", "requires", "rule", "selectables", "snip", "testlist" or "xref" or an element from another namespace
/home/runner/work/mobile-device/mobile-device/input/mobile-device.xml:4436:108: error: element "aactivity" incomplete; expected text, element "Guidance", "KMD", "TSS", "Tests", "_", "also", "assignable", "choice", "comment", "ctr", "depends", "endnote", "equation", "external-doc", "figure", "if-opt-app", "implements", "no-link", "no-tests", "provides", "refinement", "requires", "rule", "selectables", "snip", "testlist" or "xref" or an element from another namespace
/home/runner/work/mobile-device/mobile-device/input/mobile-device.xml:4440:34: error: element "tests" not allowed anywhere; expected text, element "Guidance", "KMD", "TSS", "Tests", "_", "also", "assignable", "choice", "comment", "ctr", "depends", "endnote", "equation", "external-doc", "figure", "if-opt-app", "implements", "no-link", "no-tests", "provides", "refinement", "requires", "rule", "selectables", "snip", "testlist" or "xref" or an element from another namespace
/home/runner/work/mobile-device/mobile-device/input/mobile-device.xml:4442:25: error: element "aactivity" incomplete; expected text, element "Guidance", "KMD", "TSS", "Tests", "_", "also", "assignable", "choice", "comment", "ctr", "depends", "endnote", "equation", "external-doc", "figure", "if-opt-app", "implements", "no-link", "no-tests", "provides", "refinement", "requires", "rule", "selectables", "snip", "testlist" or "xref" or an element from another namespace
/home/runner/work/mobile-device/mobile-device/input/mobile-device.xml:4446:32: error: element "tss" not allowed anywhere; expected text, element "Guidance", "KMD", "TSS", "Tests", "_", "also", "assignable", "choice", "comment", "ctr", "depends", "endnote", "equation", "external-doc", "figure", "if-opt-app", "implements", "no-link", "no-tests", "provides", "refinement", "requires", "rule", "selectables", "snip", "testlist" or "xref" or an element from another namespace
/home/runner/work/mobile-device/mobile-device/input/mobile-device.xml:4449:62: error: element "tests" not allowed anywhere; expected text, element "Guidance", "KMD", "TSS", "Tests", "_", "also", "assignable", "choice", "comment", "ctr", "depends", "endnote", "equation", "external-doc", "figure", "if-opt-app", "implements", "no-link", "no-tests", "provides", "refinement", "requires", "rule", "selectables", "snip", "testlist" or "xref" or an element from another namespace
/home/runner/work/mobile-device/mobile-device/input/mobile-device.xml:4451:25: error: element "aactivity" incomplete; expected text, element "Guidance", "KMD", "TSS", "Tests", "_", "also", "assignable", "choice", "comment", "ctr", "depends", "endnote", "equation", "external-doc", "figure", "if-opt-app", "implements", "no-link", "no-tests", "provides", "refinement", "requires", "rule", "selectables", "snip", "testlist" or "xref" or an element from another namespace
/home/runner/work/mobile-device/mobile-device/input/mobile-device.xml:4457:278: error: element "tss" not allowed anywhere; expected text, element "Guidance", "KMD", "TSS", "Tests", "_", "also", "assignable", "choice", "comment", "ctr", "depends", "endnote", "equation", "external-doc", "figure", "if-opt-app", "implements", "no-link", "no-tests", "provides", "refinement", "requires", "rule", "selectables", "snip", "testlist" or "xref" or an element from another namespace
/home/runner/work/mobile-device/mobile-device/input/mobile-device.xml:4461:18: error: element "tests" not allowed anywhere; expected text, element "Guidance", "KMD", "TSS", "Tests", "_", "also", "assignable", "choice", "comment", "ctr", "depends", "endnote", "equation", "external-doc", "figure", "if-opt-app", "implements", "no-link", "no-tests", "provides", "refinement", "requires", "rule", "selectables", "snip", "testlist" or "xref" or an element from another namespace
/home/runner/work/mobile-device/mobile-device/input/mobile-device.xml:4463:23: error: element "aactivity" incomplete; expected text, element "Guidance", "KMD", "TSS", "Tests", "_", "also", "assignable", "choice", "comment", "ctr", "depends", "endnote", "equation", "external-doc", "figure", "if-opt-app", "implements", "no-link", "no-tests", "provides", "refinement", "requires", "rule", "selectables", "snip", "testlist" or "xref" or an element from another namespace
/home/runner/work/mobile-device/mobile-device/input/mobile-device.xml:4464:46: error: element "m" not allowed anywhere; expected the element end-tag or element "M", "NA", "O", "aactivity" or "app-note"
/home/runner/work/mobile-device/mobile-device/input/mobile-device.xml:4464:62: error: element "na" not allowed anywhere; expected the element end-tag or element "M", "NA", "O", "aactivity" or "app-note"
/home/runner/work/mobile-device/mobile-device/input/mobile-device.xml:4464:104: error: element "tss" not allowed anywhere; expected text, element "Guidance", "KMD", "TSS", "Tests", "_", "also", "assignable", "choice", "comment", "ctr", "depends", "endnote", "equation", "external-doc", "figure", "if-opt-app", "implements", "no-link", "no-tests", "provides", "refinement", "requires", "rule", "selectables", "snip", "testlist" or "xref" or an element from another namespace
/home/runner/work/mobile-device/mobile-device/input/mobile-device.xml:4467:18: error: element "tests" not allowed anywhere; expected text, element "Guidance", "KMD", "TSS", "Tests", "_", "also", "assignable", "choice", "comment", "ctr", "depends", "endnote", "equation", "external-doc", "figure", "if-opt-app", "implements", "no-link", "no-tests", "provides", "refinement", "requires", "rule", "selectables", "snip", "testlist" or "xref" or an element from another namespace
/home/runner/work/mobile-device/mobile-device/input/mobile-device.xml:4469:27: error: element "aactivity" incomplete; expected text, element "Guidance", "KMD", "TSS", "Tests", "_", "also", "assignable", "choice", "comment", "ctr", "depends", "endnote", "equation", "external-doc", "figure", "if-opt-app", "implements", "no-link", "no-tests", "provides", "refinement", "requires", "rule", "selectables", "snip", "testlist" or "xref" or an element from another namespace
/home/runner/work/mobile-device/mobile-device/input/mobile-device.xml:4470:46: error: element "na" not allowed anywhere; expected the element end-tag or element "M", "NA", "O", "aactivity" or "app-note"
/home/runner/work/mobile-device/mobile-device/input/mobile-device.xml:4473:36: error: element "tests" not allowed anywhere; expected text, element "Guidance", "KMD", "TSS", "Tests", "_", "also", "assignable", "choice", "comment", "ctr", "depends", "endnote", "equation", "external-doc", "figure", "if-opt-app", "implements", "no-link", "no-tests", "provides", "refinement", "requires", "rule", "selectables", "snip", "testlist" or "xref" or an element from another namespace
/home/runner/work/mobile-device/mobile-device/input/mobile-device.xml:4473:125: error: element "aactivity" incomplete; expected text, element "Guidance", "KMD", "TSS", "Tests", "_", "also", "assignable", "choice", "comment", "ctr", "depends", "endnote", "equation", "external-doc", "figure", "if-opt-app", "implements", "no-link", "no-tests", "provides", "refinement", "requires", "rule", "selectables", "snip", "testlist" or "xref" or an element from another namespace
/home/runner/work/mobile-device/mobile-device/input/mobile-device.xml:4474:74: error: element "tests" not allowed anywhere; expected text, element "Guidance", "KMD", "TSS", "Tests", "_", "also", "assignable", "choice", "comment", "ctr", "depends", "endnote", "equation", "external-doc", "figure", "if-opt-app", "implements", "no-link", "no-tests", "provides", "refinement", "requires", "rule", "selectables", "snip", "testlist" or "xref" or an element from another namespace
/home/runner/work/mobile-device/mobile-device/input/mobile-device.xml:4474:169: error: element "aactivity" incomplete; expected text, element "Guidance", "KMD", "TSS", "Tests", "_", "also", "assignable", "choice", "comment", "ctr", "depends", "endnote", "equation", "external-doc", "figure", "if-opt-app", "implements", "no-link", "no-tests", "provides", "refinement", "requires", "rule", "selectables", "snip", "testlist" or "xref" or an element from another namespace
/home/runner/work/mobile-device/mobile-device/input/mobile-device.xml:4475:81: error: element "tss" not allowed anywhere; expected text, element "Guidance", "KMD", "TSS", "Tests", "_", "also", "assignable", "choice", "comment", "ctr", "depends", "endnote", "equation", "external-doc", "figure", "if-opt-app", "implements", "no-link", "no-tests", "provides", "refinement", "requires", "rule", "selectables", "snip", "testlist" or "xref" or an element from another namespace
/home/runner/work/mobile-device/mobile-device/input/mobile-device.xml:4477:56: error: element "tests" not allowed anywhere; expected text, element "Guidance", "KMD", "TSS", "Tests", "_", "also", "assignable", "choice", "comment", "ctr", "depends", "endnote", "equation", "external-doc", "figure", "if-opt-app", "implements", "no-link", "no-tests", "provides", "refinement", "requires", "rule", "selectables", "snip", "testlist" or "xref" or an element from another namespace
/home/runner/work/mobile-device/mobile-device/input/mobile-device.xml:4491:82: error: element "tests" not allowed anywhere; expected text, element "Guidance", "KMD", "TSS", "Tests", "_", "also", "assignable", "choice", "comment", "ctr", "depends", "endnote", "equation", "external-doc", "figure", "if-opt-app", "implements", "no-link", "no-tests", "provides", "refinement", "requires", "rule", "selectables", "snip", "testlist" or "xref" or an element from another namespace
/home/runner/work/mobile-device/mobile-device/input/mobile-device.xml:4491:102: error: element "aactivity" incomplete; expected text, element "Guidance", "KMD", "TSS", "Tests", "_", "also", "assignable", "choice", "comment", "ctr", "depends", "endnote", "equation", "external-doc", "figure", "if-opt-app", "implements", "no-link", "no-tests", "provides", "refinement", "requires", "rule", "selectables", "snip", "testlist" or "xref" or an element from another namespace
/home/runner/work/mobile-device/mobile-device/input/mobile-device.xml:4491:633: error: element "tss" not allowed anywhere; expected text, element "Guidance", "KMD", "TSS", "Tests", "_", "also", "assignable", "choice", "comment", "ctr", "depends", "endnote", "equation", "external-doc", "figure", "if-opt-app", "implements", "no-link", "no-tests", "provides", "refinement", "requires", "rule", "selectables", "snip", "testlist" or "xref" or an element from another namespace
/home/runner/work/mobile-device/mobile-device/input/mobile-device.xml:4495:76: error: element "tests" not allowed anywhere; expected text, element "Guidance", "KMD", "TSS", "Tests", "_", "also", "assignable", "choice", "comment", "ctr", "depends", "endnote", "equation", "external-doc", "figure", "if-opt-app", "implements", "no-link", "no-tests", "provides", "refinement", "requires", "rule", "selectables", "snip", "testlist" or "xref" or an element from another namespace
/home/runner/work/mobile-device/mobile-device/input/mobile-device.xml:4495:116: error: element "tests" not allowed anywhere; expected text, element "Guidance", "KMD", "TSS", "Tests", "_", "also", "assignable", "choice", "comment", "ctr", "depends", "endnote", "equation", "external-doc", "figure", "if-opt-app", "implements", "no-link", "no-tests", "provides", "refinement", "requires", "rule", "selectables", "snip", "testlist" or "xref" or an element from another namespace
/home/runner/work/mobile-device/mobile-device/input/mobile-device.xml:4498:73: error: element "tests" not allowed anywhere; expected text, element "Guidance", "KMD", "TSS", "Tests", "_", "also", "assignable", "choice", "comment", "ctr", "depends", "endnote", "equation", "external-doc", "figure", "if-opt-app", "implements", "no-link", "no-tests", "provides", "refinement", "requires", "rule", "selectables", "snip", "testlist" or "xref" or an element from another namespace
/home/runner/work/mobile-device/mobile-device/input/mobile-device.xml:4498:90: error: element "tests" not allowed anywhere; expected text, element "Guidance", "KMD", "TSS", "Tests", "_", "also", "assignable", "choice", "comment", "ctr", "depends", "endnote", "equation", "external-doc", "figure", "if-opt-app", "implements", "no-link", "no-tests", "provides", "refinement", "requires", "rule", "selectables", "snip", "testlist" or "xref" or an element from another namespace
/home/runner/work/mobile-device/mobile-device/input/mobile-device.xml:4500:46: error: element "tests" not allowed anywhere; expected text, element "Guidance", "KMD", "TSS", "Tests", "_", "also", "assignable", "choice", "comment", "ctr", "depends", "endnote", "equation", "external-doc", "figure", "if-opt-app", "implements", "no-link", "no-tests", "provides", "refinement", "requires", "rule", "selectables", "snip", "testlist" or "xref" or an element from another namespace
/home/runner/work/mobile-device/mobile-device/input/mobile-device.xml:4505:38: error: element "tests" not allowed anywhere; expected text, element "Guidance", "KMD", "TSS", "Tests", "_", "also", "assignable", "choice", "comment", "ctr", "depends", "endnote", "equation", "external-doc", "figure", "if-opt-app", "implements", "no-link", "no-tests", "provides", "refinement", "requires", "rule", "selectables", "snip", "testlist" or "xref" or an element from another namespace
/home/runner/work/mobile-device/mobile-device/input/mobile-device.xml:4505:55: error: element "tests" not allowed anywhere; expected text, element "Guidance", "KMD", "TSS", "Tests", "_", "also", "assignable", "choice", "comment", "ctr", "depends", "endnote", "equation", "external-doc", "figure", "if-opt-app", "implements", "no-link", "no-tests", "provides", "refinement", "requires", "rule", "selectables", "snip", "testlist" or "xref" or an element from another namespace
/home/runner/work/mobile-device/mobile-device/input/mobile-device.xml:4507:46: error: element "tests" not allowed anywhere; expected text, element "Guidance", "KMD", "TSS", "Tests", "_", "also", "assignable", "choice", "comment", "ctr", "depends", "endnote", "equation", "external-doc", "figure", "if-opt-app", "implements", "no-link", "no-tests", "provides", "refinement", "requires", "rule", "selectables", "snip", "testlist" or "xref" or an element from another namespace
/home/runner/work/mobile-device/mobile-device/input/mobile-device.xml:4511:93: error: element "tests" not allowed anywhere; expected text, element "Guidance", "KMD", "TSS", "Tests", "_", "also", "assignable", "choice", "comment", "ctr", "depends", "endnote", "equation", "external-doc", "figure", "if-opt-app", "implements", "no-link", "no-tests", "provides", "refinement", "requires", "rule", "selectables", "snip", "testlist" or "xref" or an element from another namespace
/home/runner/work/mobile-device/mobile-device/input/mobile-device.xml:4511:110: error: element "tests" not allowed anywhere; expected text, element "Guidance", "KMD", "TSS", "Tests", "_", "also", "assignable", "choice", "comment", "ctr", "depends", "endnote", "equation", "external-doc", "figure", "if-opt-app", "implements", "no-link", "no-tests", "provides", "refinement", "requires", "rule", "selectables", "snip", "testlist" or "xref" or an element from another namespace
/home/runner/work/mobile-device/mobile-device/input/mobile-device.xml:4513:41: error: element "tests" not allowed anywhere; expected text, element "Guidance", "KMD", "TSS", "Tests", "_", "also", "assignable", "choice", "comment", "ctr", "depends", "endnote", "equation", "external-doc", "figure", "if-opt-app", "implements", "no-link", "no-tests", "provides", "refinement", "requires", "rule", "selectables", "snip", "testlist" or "xref" or an element from another namespace
/home/runner/work/mobile-device/mobile-device/input/mobile-device.xml:4518:27: error: element "aactivity" incomplete; expected text, element "Guidance", "KMD", "TSS", "Tests", "_", "also", "assignable", "choice", "comment", "ctr", "depends", "endnote", "equation", "external-doc", "figure", "if-opt-app", "implements", "no-link", "no-tests", "provides", "refinement", "requires", "rule", "selectables", "snip", "testlist" or "xref" or an element from another namespace
/home/runner/work/mobile-device/mobile-device/input/mobile-device.xml:4523:32: error: element "tss" not allowed anywhere; expected text, element "Guidance", "KMD", "TSS", "Tests", "_", "also", "assignable", "choice", "comment", "ctr", "depends", "endnote", "equation", "external-doc", "figure", "if-opt-app", "implements", "no-link", "no-tests", "provides", "refinement", "requires", "rule", "selectables", "snip", "testlist" or "xref" or an element from another namespace
/home/runner/work/mobile-device/mobile-device/input/mobile-device.xml:4525:104: error: element "tests" not allowed anywhere; expected text, element "Guidance", "KMD", "TSS", "Tests", "_", "also", "assignable", "choice", "comment", "ctr", "depends", "endnote", "equation", "external-doc", "figure", "if-opt-app", "implements", "no-link", "no-tests", "provides", "refinement", "requires", "rule", "selectables", "snip", "testlist" or "xref" or an element from another namespace
/home/runner/work/mobile-device/mobile-device/input/mobile-device.xml:4526:59: error: element "tests" not allowed anywhere; expected text, element "Guidance", "KMD", "TSS", "Tests", "_", "also", "assignable", "choice", "comment", "ctr", "depends", "endnote", "equation", "external-doc", "figure", "if-opt-app", "implements", "no-link", "no-tests", "provides", "refinement", "requires", "rule", "selectables", "snip", "testlist" or "xref" or an element from another namespace
/home/runner/work/mobile-device/mobile-device/input/mobile-device.xml:4533:41: error: element "tests" not allowed anywhere; expected text, element "Guidance", "KMD", "TSS", "Tests", "_", "also", "assignable", "choice", "comment", "ctr", "depends", "endnote", "equation", "external-doc", "figure", "if-opt-app", "implements", "no-link", "no-tests", "provides", "refinement", "requires", "rule", "selectables", "snip", "testlist" or "xref" or an element from another namespace
/home/runner/work/mobile-device/mobile-device/input/mobile-device.xml:4533:61: error: element "aactivity" incomplete; expected text, element "Guidance", "KMD", "TSS", "Tests", "_", "also", "assignable", "choice", "comment", "ctr", "depends", "endnote", "equation", "external-doc", "figure", "if-opt-app", "implements", "no-link", "no-tests", "provides", "refinement", "requires", "rule", "selectables", "snip", "testlist" or "xref" or an element from another namespace
/home/runner/work/mobile-device/mobile-device/input/mobile-device.xml:4536:34: error: element "tests" not allowed anywhere; expected text, element "Guidance", "KMD", "TSS", "Tests", "_", "also", "assignable", "choice", "comment", "ctr", "depends", "endnote", "equation", "external-doc", "figure", "if-opt-app", "implements", "no-link", "no-tests", "provides", "refinement", "requires", "rule", "selectables", "snip", "testlist" or "xref" or an element from another namespace
/home/runner/work/mobile-device/mobile-device/input/mobile-device.xml:4536:129: error: element "aactivity" incomplete; expected text, element "Guidance", "KMD", "TSS", "Tests", "_", "also", "assignable", "choice", "comment", "ctr", "depends", "endnote", "equation", "external-doc", "figure", "if-opt-app", "implements", "no-link", "no-tests", "provides", "refinement", "requires", "rule", "selectables", "snip", "testlist" or "xref" or an element from another namespace
/home/runner/work/mobile-device/mobile-device/input/mobile-device.xml:4538:65: error: element "tests" not allowed anywhere; expected text, element "Guidance", "KMD", "TSS", "Tests", "_", "also", "assignable", "choice", "comment", "ctr", "depends", "endnote", "equation", "external-doc", "figure", "if-opt-app", "implements", "no-link", "no-tests", "provides", "refinement", "requires", "rule", "selectables", "snip", "testlist" or "xref" or an element from another namespace
/home/runner/work/mobile-device/mobile-device/input/mobile-device.xml:4542:27: error: element "aactivity" incomplete; expected text, element "Guidance", "KMD", "TSS", "Tests", "_", "also", "assignable", "choice", "comment", "ctr", "depends", "endnote", "equation", "external-doc", "figure", "if-opt-app", "implements", "no-link", "no-tests", "provides", "refinement", "requires", "rule", "selectables", "snip", "testlist" or "xref" or an element from another namespace
/home/runner/work/mobile-device/mobile-device/input/mobile-device.xml:4547:34: error: element "tests" not allowed anywhere; expected text, element "Guidance", "KMD", "TSS", "Tests", "_", "also", "assignable", "choice", "comment", "ctr", "depends", "endnote", "equation", "external-doc", "figure", "if-opt-app", "implements", "no-link", "no-tests", "provides", "refinement", "requires", "rule", "selectables", "snip", "testlist" or "xref" or an element from another namespace
/home/runner/work/mobile-device/mobile-device/input/mobile-device.xml:4550:27: error: element "aactivity" incomplete; expected text, element "Guidance", "KMD", "TSS", "Tests", "_", "also", "assignable", "choice", "comment", "ctr", "depends", "endnote", "equation", "external-doc", "figure", "if-opt-app", "implements", "no-link", "no-tests", "provides", "refinement", "requires", "rule", "selectables", "snip", "testlist" or "xref" or an element from another namespace
/home/runner/work/mobile-device/mobile-device/input/mobile-device.xml:4560:32: error: element "tss" not allowed anywhere; expected text, element "Guidance", "KMD", "TSS", "Tests", "_", "also", "assignable", "choice", "comment", "ctr", "depends", "endnote", "equation", "external-doc", "figure", "if-opt-app", "implements", "no-link", "no-tests", "provides", "refinement", "requires", "rule", "selectables", "snip", "testlist" or "xref" or an element from another namespace
/home/runner/work/mobile-device/mobile-device/input/mobile-device.xml:4562:18: error: element "tests" not allowed anywhere; expected text, element "Guidance", "KMD", "TSS", "Tests", "_", "also", "assignable", "choice", "comment", "ctr", "depends", "endnote", "equation", "external-doc", "figure", "if-opt-app", "implements", "no-link", "no-tests", "provides", "refinement", "requires", "rule", "selectables", "snip", "testlist" or "xref" or an element from another namespace
/home/runner/work/mobile-device/mobile-device/input/mobile-device.xml:4576:69: error: element "tests" not allowed anywhere; expected text, element "Guidance", "KMD", "TSS", "Tests", "_", "also", "assignable", "choice", "comment", "ctr", "depends", "endnote", "equation", "external-doc", "figure", "if-opt-app", "implements", "no-link", "no-tests", "provides", "refinement", "requires", "rule", "selectables", "snip", "testlist" or "xref" or an element from another namespace
/home/runner/work/mobile-device/mobile-device/input/mobile-device.xml:4576:89: error: element "aactivity" incomplete; expected text, element "Guidance", "KMD", "TSS", "Tests", "_", "also", "assignable", "choice", "comment", "ctr", "depends", "endnote", "equation", "external-doc", "figure", "if-opt-app", "implements", "no-link", "no-tests", "provides", "refinement", "requires", "rule", "selectables", "snip", "testlist" or "xref" or an element from another namespace
/home/runner/work/mobile-device/mobile-device/input/mobile-device.xml:4577:50: error: element "tss" not allowed anywhere; expected text, element "Guidance", "KMD", "TSS", "Tests", "_", "also", "assignable", "choice", "comment", "ctr", "depends", "endnote", "equation", "external-doc", "figure", "if-opt-app", "implements", "no-link", "no-tests", "provides", "refinement", "requires", "rule", "selectables", "snip", "testlist" or "xref" or an element from another namespace
/home/runner/work/mobile-device/mobile-device/input/mobile-device.xml:4579:18: error: element "tests" not allowed anywhere; expected text, element "Guidance", "KMD", "TSS", "Tests", "_", "also", "assignable", "choice", "comment", "ctr", "depends", "endnote", "equation", "external-doc", "figure", "if-opt-app", "implements", "no-link", "no-tests", "provides", "refinement", "requires", "rule", "selectables", "snip", "testlist" or "xref" or an element from another namespace
/home/runner/work/mobile-device/mobile-device/input/mobile-device.xml:4584:25: error: element "aactivity" incomplete; expected text, element "Guidance", "KMD", "TSS", "Tests", "_", "also", "assignable", "choice", "comment", "ctr", "depends", "endnote", "equation", "external-doc", "figure", "if-opt-app", "implements", "no-link", "no-tests", "provides", "refinement", "requires", "rule", "selectables", "snip", "testlist" or "xref" or an element from another namespace
/home/runner/work/mobile-device/mobile-device/input/mobile-device.xml:4585:58: error: element "tss" not allowed anywhere; expected text, element "Guidance", "KMD", "TSS", "Tests", "_", "also", "assignable", "choice", "comment", "ctr", "depends", "endnote", "equation", "external-doc", "figure", "if-opt-app", "implements", "no-link", "no-tests", "provides", "refinement", "requires", "rule", "selectables", "snip", "testlist" or "xref" or an element from another namespace
/home/runner/work/mobile-device/mobile-device/input/mobile-device.xml:4588:18: error: element "tests" not allowed anywhere; expected text, element "Guidance", "KMD", "TSS", "Tests", "_", "also", "assignable", "choice", "comment", "ctr", "depends", "endnote", "equation", "external-doc", "figure", "if-opt-app", "implements", "no-link", "no-tests", "provides", "refinement", "requires", "rule", "selectables", "snip", "testlist" or "xref" or an element from another namespace
/home/runner/work/mobile-device/mobile-device/input/mobile-device.xml:4591:27: error: element "aactivity" incomplete; expected text, element "Guidance", "KMD", "TSS", "Tests", "_", "also", "assignable", "choice", "comment", "ctr", "depends", "endnote", "equation", "external-doc", "figure", "if-opt-app", "implements", "no-link", "no-tests", "provides", "refinement", "requires", "rule", "selectables", "snip", "testlist" or "xref" or an element from another namespace
/home/runner/work/mobile-device/mobile-device/input/mobile-device.xml:5377:41: error: element "aactivity" incomplete; expected text, element "Guidance", "KMD", "TSS", "Tests", "_", "also", "assignable", "choice", "comment", "ctr", "depends", "endnote", "equation", "external-doc", "figure", "if-opt-app", "implements", "no-link", "no-tests", "provides", "refinement", "requires", "rule", "selectables", "snip", "testlist" or "xref" or an element from another namespace
